2025-04-11 01:58:21,367 - github_extractor - INFO - GithubExtractor initialized
2025-04-11 01:58:21,368 - github_extractor - INFO - Buscando repositorios con query: stars:>100
2025-04-11 01:58:21,368 - github_extractor - INFO - Obteniendo página 1 de resultados...
2025-04-11 01:58:24,790 - github_extractor - INFO - Encontrados 100 repositorios que coinciden con los criterios
2025-04-11 01:58:24,792 - github_extractor - INFO - Guardados 100 repositorios en top_repositories.csv
2025-04-11 01:58:24,794 - github_extractor - INFO - Distribución de repositorios por año de creación: {2009: 1, 2010: 7, 2011: 2, 2012: 2, 2013: 7, 2014: 15, 2015: 10, 2016: 13, 2017: 11, 2018: 10, 2019: 4, 2020: 6, 2022: 4, 2023: 6, 2024: 1, 2025: 1}
2025-04-11 01:58:24,794 - github_extractor - INFO - Análisis de problemas abiertos: {'total_issues': 175303, 'avg_issues_per_repo': 1753.03, 'max_issues': 16701, 'min_issues': 0, 'distribution_percentages': {'0': 1.0, '1-10': 3.0, '11-50': 7.000000000000001, '51-100': 10.0, '101-500': 35.0, '501+': 44.0}}
2025-04-11 01:58:25,862 - github_extractor - INFO - Repository freeCodeCamp/freeCodeCamp found
2025-04-11 01:58:25,862 - github_extractor - INFO - Repository URL: https://github.com/freeCodeCamp/freeCodeCamp
2025-04-11 01:58:25,862 - github_extractor - INFO - Repository Description: freeCodeCamp.org's open-source codebase and curriculum. Learn to code for free.
2025-04-11 01:58:25,863 - github_extractor - INFO - Repository Language: TypeScript
2025-04-11 01:58:25,863 - github_extractor - INFO - Repository Stars: 416165
2025-04-11 01:58:25,863 - github_extractor - INFO - Repository Forks: 39756
2025-04-11 01:58:25,863 - github_extractor - INFO - Repository Open Issues: 232
2025-04-11 01:58:25,863 - github_extractor - INFO - Repository freeCodeCamp/freeCodeCamp found
2025-04-11 01:58:25,863 - github_extractor - INFO - Repository Owner: freeCodeCamp
2025-04-11 01:58:25,863 - github_extractor - INFO - Fetching stargazers for freeCodeCamp/freeCodeCamp...
2025-04-11 01:58:25,863 - github_extractor - INFO - Fetching page 1 of stargazers...
2025-04-11 01:58:27,777 - github_extractor - INFO - Fetching page 2 of stargazers...
2025-04-11 01:58:30,228 - github_extractor - INFO - Fetching page 3 of stargazers...
2025-04-11 01:58:32,684 - github_extractor - INFO - Fetching page 4 of stargazers...
2025-04-11 01:58:35,049 - github_extractor - INFO - Fetching page 5 of stargazers...
2025-04-11 01:58:37,785 - github_extractor - INFO - Fetching page 6 of stargazers...
2025-04-11 01:58:39,935 - github_extractor - INFO - Fetching page 7 of stargazers...
