2025-04-11 01:54:19,827 - github_extractor - INFO - GithubExtractor initialized
2025-04-11 01:54:19,827 - github_extractor - INFO - Buscando repositorios con query: stars:>10000
2025-04-11 01:54:19,827 - github_extractor - INFO - Obteniendo página 1 de resultados...
2025-04-11 01:54:22,816 - github_extractor - INFO - Encontrados 100 repositorios que coinciden con los criterios
2025-04-11 01:54:22,818 - github_extractor - INFO - Guardados 100 repositorios en top_repositories.csv
2025-04-11 01:54:22,827 - github_extractor - INFO - Distribución de repositorios por año de creación: {2009: 1, 2010: 7, 2011: 2, 2012: 2, 2013: 7, 2014: 15, 2015: 10, 2016: 13, 2017: 11, 2018: 10, 2019: 4, 2020: 6, 2022: 4, 2023: 6, 2024: 1, 2025: 1}
2025-04-11 01:54:22,828 - github_extractor - INFO - Análisis de problemas abiertos: {'total_issues': 175309, 'avg_issues_per_repo': 1753.09, 'max_issues': 16701, 'min_issues': 0, 'distribution_percentages': {'0': 1.0, '1-10': 3.0, '11-50': 7.000000000000001, '51-100': 10.0, '101-500': 35.0, '501+': 44.0}}
2025-04-11 01:54:23,608 - github_extractor - INFO - Repository freeCodeCamp/freeCodeCamp found
2025-04-11 01:54:23,608 - github_extractor - INFO - Repository URL: https://github.com/freeCodeCamp/freeCodeCamp
2025-04-11 01:54:23,608 - github_extractor - INFO - Repository Description: freeCodeCamp.org's open-source codebase and curriculum. Learn to code for free.
2025-04-11 01:54:23,608 - github_extractor - INFO - Repository Language: TypeScript
2025-04-11 01:54:23,608 - github_extractor - INFO - Repository Stars: 416165
2025-04-11 01:54:23,608 - github_extractor - INFO - Repository Forks: 39756
2025-04-11 01:54:23,608 - github_extractor - INFO - Repository Open Issues: 232
2025-04-11 01:54:23,608 - github_extractor - INFO - Repository freeCodeCamp/freeCodeCamp found
2025-04-11 01:54:23,608 - github_extractor - INFO - Repository Owner: freeCodeCamp
2025-04-11 01:54:23,609 - github_extractor - INFO - Fetching stargazers for freeCodeCamp/freeCodeCamp...
2025-04-11 01:54:23,609 - github_extractor - INFO - Fetching page 1 of stargazers...
2025-04-11 01:54:26,060 - github_extractor - INFO - Fetching page 2 of stargazers...
2025-04-11 01:54:28,320 - github_extractor - INFO - Fetching page 3 of stargazers...
2025-04-11 01:54:30,365 - github_extractor - INFO - Fetching page 4 of stargazers...
2025-04-11 01:54:32,727 - github_extractor - INFO - Fetching page 5 of stargazers...
2025-04-11 01:54:35,096 - github_extractor - INFO - Fetching page 6 of stargazers...
2025-04-11 01:54:37,536 - github_extractor - INFO - Fetching page 7 of stargazers...
2025-04-11 01:54:41,339 - github_extractor - INFO - Fetching page 8 of stargazers...
2025-04-11 01:54:43,689 - github_extractor - INFO - Fetching page 9 of stargazers...
2025-04-11 01:54:46,006 - github_extractor - INFO - Fetching page 10 of stargazers...
2025-04-11 01:54:48,593 - github_extractor - INFO - Fetching page 11 of stargazers...
2025-04-11 01:54:50,988 - github_extractor - INFO - Fetching page 12 of stargazers...
2025-04-11 01:54:52,901 - github_extractor - INFO - Fetching page 13 of stargazers...
2025-04-11 01:54:55,453 - github_extractor - INFO - Fetching page 14 of stargazers...
2025-04-11 01:54:57,807 - github_extractor - INFO - Fetching page 15 of stargazers...
2025-04-11 01:55:00,373 - github_extractor - INFO - Fetching page 16 of stargazers...
2025-04-11 01:55:03,136 - github_extractor - INFO - Fetching page 17 of stargazers...
2025-04-11 01:55:05,494 - github_extractor - INFO - Fetching page 18 of stargazers...
2025-04-11 01:55:07,954 - github_extractor - INFO - Fetching page 19 of stargazers...
2025-04-11 01:55:10,313 - github_extractor - INFO - Fetching page 20 of stargazers...
2025-04-11 01:55:12,767 - github_extractor - INFO - Found 2000 users who starred freeCodeCamp/freeCodeCamp
2025-04-11 01:55:12,767 - github_extractor - INFO - Evolución de estrellas para freeCodeCamp/freeCodeCamp: [{'date': '2014-12-24', 'stars': 0}, {'date': '2016-02-15', 'stars': 46240}, {'date': '2017-04-08', 'stars': 92481}, {'date': '2018-05-31', 'stars': 138721}, {'date': '2019-07-23', 'stars': 184962}, {'date': '2020-09-12', 'stars': 231202}, {'date': '2021-11-04', 'stars': 277443}, {'date': '2022-12-27', 'stars': 323683}, {'date': '2024-02-18', 'stars': 369924}, {'date': '2025-04-11', 'stars': 416165}]
