2025-04-11 02:13:36,791 - github_extractor - INFO - GithubExtractor initialized
2025-04-11 02:13:36,791 - github_extractor - INFO - Buscando repositorios con query: stars:>5
2025-04-11 02:13:36,791 - github_extractor - INFO - Obteniendo página 1 de resultados...
2025-04-11 02:13:40,836 - github_extractor - INFO - Obteniendo página 2 de resultados...
2025-04-11 02:13:44,283 - github_extractor - INFO - Obteniendo página 3 de resultados...
2025-04-11 02:13:47,711 - github_extractor - INFO - Obteniendo página 4 de resultados...
2025-04-11 02:13:51,545 - github_extractor - INFO - Obteniendo página 5 de resultados...
2025-04-11 02:13:55,442 - github_extractor - INFO - Obteniendo página 6 de resultados...
2025-04-11 02:13:59,093 - github_extractor - INFO - Obteniendo página 7 de resultados...
2025-04-11 02:14:02,816 - github_extractor - INFO - Obteniendo página 8 de resultados...
2025-04-11 02:14:06,393 - github_extractor - INFO - Obteniendo página 9 de resultados...
2025-04-11 02:14:10,697 - github_extractor - INFO - Obteniendo página 10 de resultados...
2025-04-11 02:14:14,720 - github_extractor - INFO - Encontrados 1000 repositorios que coinciden con los criterios
2025-04-11 02:14:16,721 - github_extractor - INFO - Buscando repositorios con query: stars:>5
2025-04-11 02:14:16,722 - github_extractor - INFO - Obteniendo página 1 de resultados...
2025-04-11 02:14:20,556 - github_extractor - INFO - Obteniendo página 2 de resultados...
2025-04-11 02:14:24,287 - github_extractor - INFO - Obteniendo página 3 de resultados...
2025-04-11 02:14:28,012 - github_extractor - INFO - Obteniendo página 4 de resultados...
2025-04-11 02:14:30,919 - github_extractor - INFO - Obteniendo página 5 de resultados...
2025-04-11 02:14:34,824 - github_extractor - INFO - Obteniendo página 6 de resultados...
2025-04-11 02:14:38,089 - github_extractor - INFO - Obteniendo página 7 de resultados...
2025-04-11 02:14:41,950 - github_extractor - INFO - Obteniendo página 8 de resultados...
2025-04-11 02:14:45,746 - github_extractor - INFO - Obteniendo página 9 de resultados...
2025-04-11 02:14:49,619 - github_extractor - INFO - Obteniendo página 10 de resultados...
2025-04-11 02:14:53,295 - github_extractor - INFO - Encontrados 1000 repositorios que coinciden con los criterios
2025-04-11 02:14:55,296 - github_extractor - INFO - Buscando repositorios con query: stars:>5
2025-04-11 02:14:55,296 - github_extractor - INFO - Obteniendo página 1 de resultados...
2025-04-11 02:14:58,631 - github_extractor - INFO - Obteniendo página 2 de resultados...
2025-04-11 02:15:02,417 - github_extractor - INFO - Obteniendo página 3 de resultados...
2025-04-11 02:15:06,125 - github_extractor - INFO - Obteniendo página 4 de resultados...
2025-04-11 02:15:09,379 - github_extractor - INFO - Obteniendo página 5 de resultados...
2025-04-11 02:15:12,545 - github_extractor - INFO - Obteniendo página 6 de resultados...
2025-04-11 02:15:16,746 - github_extractor - INFO - Obteniendo página 7 de resultados...
2025-04-11 02:15:19,821 - github_extractor - INFO - Obteniendo página 8 de resultados...
2025-04-11 02:15:23,533 - github_extractor - INFO - Obteniendo página 9 de resultados...
2025-04-11 02:15:27,088 - github_extractor - INFO - Obteniendo página 10 de resultados...
2025-04-11 02:15:31,113 - github_extractor - INFO - Encontrados 1000 repositorios que coinciden con los criterios
2025-04-11 02:15:33,115 - github_extractor - INFO - Buscando repositorios con query: stars:>5
2025-04-11 02:15:33,115 - github_extractor - INFO - Obteniendo página 1 de resultados...
2025-04-11 02:15:36,417 - github_extractor - INFO - Obteniendo página 2 de resultados...
2025-04-11 02:15:39,317 - github_extractor - INFO - Obteniendo página 3 de resultados...
2025-04-11 02:15:43,293 - github_extractor - INFO - Obteniendo página 4 de resultados...
2025-04-11 02:15:47,181 - github_extractor - INFO - Obteniendo página 5 de resultados...
2025-04-11 02:15:50,482 - github_extractor - INFO - Obteniendo página 6 de resultados...
2025-04-11 02:15:53,622 - github_extractor - INFO - Obteniendo página 7 de resultados...
2025-04-11 02:15:56,994 - github_extractor - INFO - Obteniendo página 8 de resultados...
2025-04-11 02:16:00,472 - github_extractor - INFO - Obteniendo página 9 de resultados...
2025-04-11 02:16:04,578 - github_extractor - INFO - Obteniendo página 10 de resultados...
2025-04-11 02:16:07,637 - github_extractor - INFO - Encontrados 1000 repositorios que coinciden con los criterios
2025-04-11 02:16:09,639 - github_extractor - INFO - Buscando repositorios con query: stars:>5
2025-04-11 02:16:09,639 - github_extractor - INFO - Obteniendo página 1 de resultados...
2025-04-11 02:16:13,679 - github_extractor - INFO - Obteniendo página 2 de resultados...
2025-04-11 02:16:17,135 - github_extractor - INFO - Obteniendo página 3 de resultados...
2025-04-11 02:16:20,337 - github_extractor - INFO - Obteniendo página 4 de resultados...
2025-04-11 02:16:23,255 - github_extractor - INFO - Obteniendo página 5 de resultados...
2025-04-11 02:16:26,797 - github_extractor - INFO - Obteniendo página 6 de resultados...
2025-04-11 02:16:30,340 - github_extractor - INFO - Obteniendo página 7 de resultados...
2025-04-11 02:16:33,864 - github_extractor - INFO - Obteniendo página 8 de resultados...
2025-04-11 02:16:37,490 - github_extractor - INFO - Obteniendo página 9 de resultados...
2025-04-11 02:16:41,462 - github_extractor - INFO - Obteniendo página 10 de resultados...
2025-04-11 02:16:45,172 - github_extractor - INFO - Encontrados 1000 repositorios que coinciden con los criterios
2025-04-11 02:16:47,174 - github_extractor - INFO - Buscando repositorios con query: stars:>5
2025-04-11 02:16:47,174 - github_extractor - INFO - Obteniendo página 1 de resultados...
2025-04-11 02:16:51,057 - github_extractor - INFO - Obteniendo página 2 de resultados...
2025-04-11 02:16:54,384 - github_extractor - INFO - Obteniendo página 3 de resultados...
2025-04-11 02:16:57,525 - github_extractor - INFO - Obteniendo página 4 de resultados...
2025-04-11 02:17:00,658 - github_extractor - INFO - Obteniendo página 5 de resultados...
2025-04-11 02:17:04,374 - github_extractor - INFO - Obteniendo página 6 de resultados...
2025-04-11 02:17:08,161 - github_extractor - INFO - Obteniendo página 7 de resultados...
2025-04-11 02:17:12,577 - github_extractor - INFO - Obteniendo página 8 de resultados...
2025-04-11 02:17:15,953 - github_extractor - INFO - Obteniendo página 9 de resultados...
2025-04-11 02:17:19,175 - github_extractor - INFO - Obteniendo página 10 de resultados...
2025-04-11 02:17:22,803 - github_extractor - INFO - Encontrados 1000 repositorios que coinciden con los criterios
2025-04-11 02:17:24,805 - github_extractor - INFO - Buscando repositorios con query: stars:>5
2025-04-11 02:17:24,805 - github_extractor - INFO - Obteniendo página 1 de resultados...
2025-04-11 02:17:28,563 - github_extractor - INFO - Obteniendo página 2 de resultados...
2025-04-11 02:17:32,006 - github_extractor - INFO - Obteniendo página 3 de resultados...
2025-04-11 02:17:35,141 - github_extractor - INFO - Obteniendo página 4 de resultados...
2025-04-11 02:17:38,278 - github_extractor - INFO - Obteniendo página 5 de resultados...
2025-04-11 02:17:41,977 - github_extractor - INFO - Obteniendo página 6 de resultados...
2025-04-11 02:17:45,209 - github_extractor - INFO - Obteniendo página 7 de resultados...
2025-04-11 02:17:48,617 - github_extractor - INFO - Obteniendo página 8 de resultados...
2025-04-11 02:17:52,087 - github_extractor - INFO - Obteniendo página 9 de resultados...
2025-04-11 02:17:55,315 - github_extractor - INFO - Obteniendo página 10 de resultados...
2025-04-11 02:18:01,196 - github_extractor - INFO - Encontrados 1000 repositorios que coinciden con los criterios
2025-04-11 02:18:03,200 - github_extractor - INFO - Buscando repositorios con query: stars:>5
2025-04-11 02:18:03,200 - github_extractor - INFO - Obteniendo página 1 de resultados...
2025-04-11 02:18:06,986 - github_extractor - INFO - Obteniendo página 2 de resultados...
2025-04-11 02:18:10,755 - github_extractor - INFO - Obteniendo página 3 de resultados...
2025-04-11 02:18:14,143 - github_extractor - INFO - Obteniendo página 4 de resultados...
2025-04-11 02:18:17,793 - github_extractor - INFO - Obteniendo página 5 de resultados...
2025-04-11 02:18:20,968 - github_extractor - INFO - Obteniendo página 6 de resultados...
2025-04-11 02:18:24,034 - github_extractor - INFO - Obteniendo página 7 de resultados...
2025-04-11 02:18:28,337 - github_extractor - INFO - Obteniendo página 8 de resultados...
2025-04-11 02:18:31,615 - github_extractor - INFO - Obteniendo página 9 de resultados...
2025-04-11 02:18:34,739 - github_extractor - INFO - Obteniendo página 10 de resultados...
2025-04-11 02:18:38,608 - github_extractor - INFO - Encontrados 1000 repositorios que coinciden con los criterios
2025-04-11 02:18:40,610 - github_extractor - INFO - Buscando repositorios con query: stars:>5
2025-04-11 02:18:40,610 - github_extractor - INFO - Obteniendo página 1 de resultados...
2025-04-11 02:18:44,054 - github_extractor - INFO - Obteniendo página 2 de resultados...
2025-04-11 02:18:47,892 - github_extractor - INFO - Obteniendo página 3 de resultados...
2025-04-11 02:18:51,677 - github_extractor - INFO - Obteniendo página 4 de resultados...
2025-04-11 02:18:54,728 - github_extractor - INFO - Obteniendo página 5 de resultados...
2025-04-11 02:18:57,944 - github_extractor - INFO - Obteniendo página 6 de resultados...
2025-04-11 02:19:01,518 - github_extractor - INFO - Obteniendo página 7 de resultados...
2025-04-11 02:19:04,718 - github_extractor - INFO - Obteniendo página 8 de resultados...
2025-04-11 02:19:08,316 - github_extractor - INFO - Obteniendo página 9 de resultados...
2025-04-11 02:19:11,552 - github_extractor - INFO - Obteniendo página 10 de resultados...
2025-04-11 02:19:15,135 - github_extractor - INFO - Encontrados 1000 repositorios que coinciden con los criterios
2025-04-11 02:19:17,138 - github_extractor - INFO - Buscando repositorios con query: stars:>5
2025-04-11 02:19:17,138 - github_extractor - INFO - Obteniendo página 1 de resultados...
2025-04-11 02:19:20,511 - github_extractor - INFO - Obteniendo página 2 de resultados...
2025-04-11 02:19:24,042 - github_extractor - INFO - Obteniendo página 3 de resultados...
2025-04-11 02:19:27,466 - github_extractor - INFO - Obteniendo página 4 de resultados...
2025-04-11 02:19:30,798 - github_extractor - INFO - Obteniendo página 5 de resultados...
2025-04-11 02:19:33,958 - github_extractor - INFO - Obteniendo página 6 de resultados...
2025-04-11 02:19:37,863 - github_extractor - INFO - Obteniendo página 7 de resultados...
2025-04-11 02:19:42,271 - github_extractor - INFO - Obteniendo página 8 de resultados...
2025-04-11 02:19:45,954 - github_extractor - INFO - Obteniendo página 9 de resultados...
2025-04-11 02:19:49,315 - github_extractor - INFO - Obteniendo página 10 de resultados...
2025-04-11 02:19:52,572 - github_extractor - INFO - Encontrados 1000 repositorios que coinciden con los criterios
2025-04-11 02:19:54,575 - github_extractor - INFO - Buscando repositorios con query: stars:>5
2025-04-11 02:19:54,575 - github_extractor - INFO - Obteniendo página 1 de resultados...
2025-04-11 02:19:58,011 - github_extractor - INFO - Obteniendo página 2 de resultados...
2025-04-11 02:20:01,654 - github_extractor - INFO - Obteniendo página 3 de resultados...
2025-04-11 02:20:05,520 - github_extractor - INFO - Obteniendo página 4 de resultados...
2025-04-11 02:20:09,242 - github_extractor - INFO - Obteniendo página 5 de resultados...
2025-04-11 02:20:12,429 - github_extractor - INFO - Obteniendo página 6 de resultados...
2025-04-11 02:20:16,571 - github_extractor - INFO - Obteniendo página 7 de resultados...
2025-04-11 02:20:20,678 - github_extractor - INFO - Obteniendo página 8 de resultados...
2025-04-11 02:20:24,144 - github_extractor - INFO - Obteniendo página 9 de resultados...
2025-04-11 02:20:28,155 - github_extractor - INFO - Obteniendo página 10 de resultados...
2025-04-11 02:20:31,696 - github_extractor - INFO - Encontrados 1000 repositorios que coinciden con los criterios
2025-04-11 02:20:33,698 - github_extractor - INFO - Buscando repositorios con query: stars:>5
2025-04-11 02:20:33,699 - github_extractor - INFO - Obteniendo página 1 de resultados...
2025-04-11 02:20:37,384 - github_extractor - INFO - Obteniendo página 2 de resultados...
2025-04-11 02:20:40,601 - github_extractor - INFO - Obteniendo página 3 de resultados...
2025-04-11 02:20:43,822 - github_extractor - INFO - Obteniendo página 4 de resultados...
2025-04-11 02:20:47,523 - github_extractor - INFO - Obteniendo página 5 de resultados...
2025-04-11 02:20:51,399 - github_extractor - INFO - Obteniendo página 6 de resultados...
2025-04-11 02:20:54,202 - github_extractor - INFO - Obteniendo página 7 de resultados...
2025-04-11 02:20:57,837 - github_extractor - INFO - Obteniendo página 8 de resultados...
2025-04-11 02:21:01,580 - github_extractor - INFO - Obteniendo página 9 de resultados...
2025-04-11 02:21:05,057 - github_extractor - INFO - Obteniendo página 10 de resultados...
2025-04-11 02:21:09,103 - github_extractor - INFO - Encontrados 1000 repositorios que coinciden con los criterios
2025-04-11 02:21:11,106 - github_extractor - INFO - Buscando repositorios con query: stars:>5
2025-04-11 02:21:11,106 - github_extractor - INFO - Obteniendo página 1 de resultados...
2025-04-11 02:21:14,743 - github_extractor - INFO - Obteniendo página 2 de resultados...
2025-04-11 02:21:17,920 - github_extractor - INFO - Obteniendo página 3 de resultados...
2025-04-11 02:21:21,768 - github_extractor - INFO - Obteniendo página 4 de resultados...
2025-04-11 02:21:25,226 - github_extractor - INFO - Obteniendo página 5 de resultados...
2025-04-11 02:21:28,356 - github_extractor - INFO - Obteniendo página 6 de resultados...
2025-04-11 02:21:32,295 - github_extractor - INFO - Obteniendo página 7 de resultados...
2025-04-11 02:21:35,926 - github_extractor - INFO - Obteniendo página 8 de resultados...
2025-04-11 02:21:39,320 - github_extractor - INFO - Obteniendo página 9 de resultados...
2025-04-11 02:21:42,416 - github_extractor - INFO - Obteniendo página 10 de resultados...
2025-04-11 02:21:45,524 - github_extractor - INFO - Encontrados 1000 repositorios que coinciden con los criterios
2025-04-11 02:21:47,526 - github_extractor - INFO - Buscando repositorios con query: stars:>5
2025-04-11 02:21:47,527 - github_extractor - INFO - Obteniendo página 1 de resultados...
2025-04-11 02:21:50,993 - github_extractor - INFO - Obteniendo página 2 de resultados...
2025-04-11 02:21:54,202 - github_extractor - INFO - Obteniendo página 3 de resultados...
2025-04-11 02:21:58,306 - github_extractor - INFO - Obteniendo página 4 de resultados...
2025-04-11 02:22:01,649 - github_extractor - INFO - Obteniendo página 5 de resultados...
2025-04-11 02:22:04,855 - github_extractor - INFO - Obteniendo página 6 de resultados...
2025-04-11 02:22:08,522 - github_extractor - INFO - Obteniendo página 7 de resultados...
2025-04-11 02:22:11,774 - github_extractor - INFO - Obteniendo página 8 de resultados...
2025-04-11 02:22:15,008 - github_extractor - INFO - Obteniendo página 9 de resultados...
2025-04-11 02:22:18,608 - github_extractor - INFO - Obteniendo página 10 de resultados...
2025-04-11 02:22:21,697 - github_extractor - INFO - Encontrados 1000 repositorios que coinciden con los criterios
2025-04-11 02:22:23,699 - github_extractor - INFO - Buscando repositorios con query: stars:>5
2025-04-11 02:22:23,699 - github_extractor - INFO - Obteniendo página 1 de resultados...
2025-04-11 02:22:26,764 - github_extractor - INFO - Obteniendo página 2 de resultados...
2025-04-11 02:22:30,444 - github_extractor - INFO - Obteniendo página 3 de resultados...
2025-04-11 02:22:34,044 - github_extractor - INFO - Obteniendo página 4 de resultados...
2025-04-11 02:22:37,793 - github_extractor - INFO - Obteniendo página 5 de resultados...
2025-04-11 02:22:41,441 - github_extractor - INFO - Obteniendo página 6 de resultados...
2025-04-11 02:22:44,673 - github_extractor - INFO - Obteniendo página 7 de resultados...
2025-04-11 02:22:47,524 - github_extractor - INFO - Obteniendo página 8 de resultados...
2025-04-11 02:22:50,623 - github_extractor - INFO - Obteniendo página 9 de resultados...
2025-04-11 02:22:54,061 - github_extractor - INFO - Obteniendo página 10 de resultados...
2025-04-11 02:22:57,270 - github_extractor - INFO - Encontrados 1000 repositorios que coinciden con los criterios
2025-04-11 02:22:59,272 - github_extractor - INFO - Buscando repositorios con query: stars:>5
2025-04-11 02:22:59,272 - github_extractor - INFO - Obteniendo página 1 de resultados...
2025-04-11 02:23:02,716 - github_extractor - INFO - Obteniendo página 2 de resultados...
2025-04-11 02:23:06,359 - github_extractor - INFO - Obteniendo página 3 de resultados...
2025-04-11 02:23:10,170 - github_extractor - INFO - Obteniendo página 4 de resultados...
2025-04-11 02:23:13,441 - github_extractor - INFO - Obteniendo página 5 de resultados...
2025-04-11 02:23:17,102 - github_extractor - INFO - Obteniendo página 6 de resultados...
2025-04-11 02:23:20,120 - github_extractor - INFO - Obteniendo página 7 de resultados...
2025-04-11 02:23:23,325 - github_extractor - INFO - Obteniendo página 8 de resultados...
2025-04-11 02:23:26,625 - github_extractor - INFO - Obteniendo página 9 de resultados...
2025-04-11 02:23:29,981 - github_extractor - INFO - Obteniendo página 10 de resultados...
2025-04-11 02:23:33,598 - github_extractor - INFO - Encontrados 1000 repositorios que coinciden con los criterios
2025-04-11 02:23:35,599 - github_extractor - INFO - Buscando repositorios con query: stars:>5
2025-04-11 02:23:35,600 - github_extractor - INFO - Obteniendo página 1 de resultados...
2025-04-11 02:23:39,436 - github_extractor - INFO - Obteniendo página 2 de resultados...
2025-04-11 02:23:43,036 - github_extractor - INFO - Obteniendo página 3 de resultados...
2025-04-11 02:23:46,799 - github_extractor - INFO - Obteniendo página 4 de resultados...
2025-04-11 02:23:50,390 - github_extractor - INFO - Obteniendo página 5 de resultados...
2025-04-11 02:23:53,460 - github_extractor - INFO - Obteniendo página 6 de resultados...
2025-04-11 02:23:56,359 - github_extractor - INFO - Obteniendo página 7 de resultados...
2025-04-11 02:23:59,743 - github_extractor - INFO - Obteniendo página 8 de resultados...
2025-04-11 02:24:03,395 - github_extractor - INFO - Obteniendo página 9 de resultados...
2025-04-11 02:24:06,673 - github_extractor - INFO - Obteniendo página 10 de resultados...
2025-04-11 02:24:10,555 - github_extractor - INFO - Encontrados 1000 repositorios que coinciden con los criterios
2025-04-11 02:24:12,556 - github_extractor - INFO - Buscando repositorios con query: stars:>5
2025-04-11 02:24:12,556 - github_extractor - INFO - Obteniendo página 1 de resultados...
2025-04-11 02:24:16,419 - github_extractor - INFO - Obteniendo página 2 de resultados...
2025-04-11 02:24:20,187 - github_extractor - INFO - Obteniendo página 3 de resultados...
2025-04-11 02:24:23,384 - github_extractor - INFO - Obteniendo página 4 de resultados...
2025-04-11 02:24:27,080 - github_extractor - INFO - Obteniendo página 5 de resultados...
2025-04-11 02:24:30,632 - github_extractor - INFO - Obteniendo página 6 de resultados...
2025-04-11 02:24:33,639 - github_extractor - INFO - Obteniendo página 7 de resultados...
2025-04-11 02:24:37,686 - github_extractor - INFO - Obteniendo página 8 de resultados...
2025-04-11 02:24:41,133 - github_extractor - INFO - Obteniendo página 9 de resultados...
2025-04-11 02:24:44,056 - github_extractor - INFO - Obteniendo página 10 de resultados...
2025-04-11 02:24:47,311 - github_extractor - INFO - Encontrados 1000 repositorios que coinciden con los criterios
2025-04-11 02:24:49,313 - github_extractor - INFO - Buscando repositorios con query: stars:>5
2025-04-11 02:24:49,313 - github_extractor - INFO - Obteniendo página 1 de resultados...
2025-04-11 02:24:53,149 - github_extractor - INFO - Obteniendo página 2 de resultados...
2025-04-11 02:24:57,047 - github_extractor - INFO - Obteniendo página 3 de resultados...
2025-04-11 02:24:59,917 - github_extractor - INFO - Obteniendo página 4 de resultados...
2025-04-11 02:25:03,642 - github_extractor - INFO - Obteniendo página 5 de resultados...
2025-04-11 02:27:17,027 - github_extractor - ERROR - Error durante la búsqueda de repositorios: HTTPSConnectionPool(host='api.github.com', port=443): Max retries exceeded with url: /search/repositories?q=stars:%3E5&sort=stars&order=desc&page=5&per_page=100 (Caused by ConnectTimeoutError(<urllib3.connection.HTTPSConnection object at 0x702687fa9610>, 'Connection to api.github.com timed out. (connect timeout=None)'))
2025-04-11 02:27:19,028 - github_extractor - INFO - Buscando repositorios con query: stars:>5
2025-04-11 02:27:19,028 - github_extractor - INFO - Obteniendo página 1 de resultados...
2025-04-11 02:27:22,071 - github_extractor - INFO - Obteniendo página 2 de resultados...
2025-04-11 02:27:26,236 - github_extractor - INFO - Obteniendo página 3 de resultados...
2025-04-11 02:27:29,625 - github_extractor - INFO - Obteniendo página 4 de resultados...
2025-04-11 02:27:33,602 - github_extractor - INFO - Obteniendo página 5 de resultados...
2025-04-11 02:27:36,775 - github_extractor - INFO - Obteniendo página 6 de resultados...
2025-04-11 02:27:40,320 - github_extractor - INFO - Obteniendo página 7 de resultados...
2025-04-11 02:27:44,003 - github_extractor - INFO - Obteniendo página 8 de resultados...
2025-04-11 02:27:47,859 - github_extractor - INFO - Obteniendo página 9 de resultados...
2025-04-11 02:27:51,200 - github_extractor - INFO - Obteniendo página 10 de resultados...
2025-04-11 02:27:54,552 - github_extractor - INFO - Encontrados 1000 repositorios que coinciden con los criterios
2025-04-11 02:27:56,553 - github_extractor - INFO - Buscando repositorios con query: stars:>5
2025-04-11 02:27:56,553 - github_extractor - INFO - Obteniendo página 1 de resultados...
2025-04-11 02:28:00,147 - github_extractor - INFO - Obteniendo página 2 de resultados...
2025-04-11 02:28:04,274 - github_extractor - INFO - Obteniendo página 3 de resultados...
2025-04-11 02:28:07,705 - github_extractor - INFO - Obteniendo página 4 de resultados...
2025-04-11 02:28:11,343 - github_extractor - INFO - Obteniendo página 5 de resultados...
2025-04-11 02:28:14,709 - github_extractor - INFO - Obteniendo página 6 de resultados...
2025-04-11 02:28:18,254 - github_extractor - INFO - Obteniendo página 7 de resultados...
2025-04-11 02:28:21,684 - github_extractor - INFO - Obteniendo página 8 de resultados...
2025-04-11 02:28:24,791 - github_extractor - INFO - Obteniendo página 9 de resultados...
2025-04-11 02:28:27,883 - github_extractor - INFO - Obteniendo página 10 de resultados...
2025-04-11 02:28:31,588 - github_extractor - INFO - Encontrados 1000 repositorios que coinciden con los criterios
2025-04-11 02:28:33,590 - github_extractor - INFO - Buscando repositorios con query: stars:>5
2025-04-11 02:28:33,591 - github_extractor - INFO - Obteniendo página 1 de resultados...
2025-04-11 02:28:37,000 - github_extractor - INFO - Obteniendo página 2 de resultados...
2025-04-11 02:28:40,724 - github_extractor - INFO - Obteniendo página 3 de resultados...
2025-04-11 02:28:44,014 - github_extractor - INFO - Obteniendo página 4 de resultados...
2025-04-11 02:28:46,898 - github_extractor - INFO - Obteniendo página 5 de resultados...
2025-04-11 02:28:50,741 - github_extractor - INFO - Obteniendo página 6 de resultados...
2025-04-11 02:28:54,660 - github_extractor - INFO - Obteniendo página 7 de resultados...
2025-04-11 02:28:58,088 - github_extractor - INFO - Obteniendo página 8 de resultados...
2025-04-11 02:29:01,616 - github_extractor - INFO - Obteniendo página 9 de resultados...
2025-04-11 02:29:05,280 - github_extractor - INFO - Obteniendo página 10 de resultados...
2025-04-11 02:29:08,442 - github_extractor - INFO - Encontrados 1000 repositorios que coinciden con los criterios
2025-04-11 02:29:10,446 - github_extractor - INFO - Buscando repositorios con query: stars:>5
2025-04-11 02:29:10,446 - github_extractor - INFO - Obteniendo página 1 de resultados...
2025-04-11 02:29:13,669 - github_extractor - INFO - Obteniendo página 2 de resultados...
2025-04-11 02:29:16,491 - github_extractor - INFO - Obteniendo página 3 de resultados...
2025-04-11 02:29:20,481 - github_extractor - INFO - Obteniendo página 4 de resultados...
2025-04-11 02:29:23,707 - github_extractor - INFO - Obteniendo página 5 de resultados...
2025-04-11 02:29:27,348 - github_extractor - INFO - Obteniendo página 6 de resultados...
2025-04-11 02:29:31,041 - github_extractor - INFO - Obteniendo página 7 de resultados...
2025-04-11 02:29:34,498 - github_extractor - INFO - Obteniendo página 8 de resultados...
2025-04-11 02:29:38,267 - github_extractor - INFO - Obteniendo página 9 de resultados...
2025-04-11 02:29:41,613 - github_extractor - INFO - Obteniendo página 10 de resultados...
2025-04-11 02:29:45,128 - github_extractor - INFO - Encontrados 1000 repositorios que coinciden con los criterios
2025-04-11 02:29:47,130 - github_extractor - INFO - Buscando repositorios con query: stars:>5
2025-04-11 02:29:47,130 - github_extractor - INFO - Obteniendo página 1 de resultados...
2025-04-11 02:29:51,451 - github_extractor - INFO - Obteniendo página 2 de resultados...
2025-04-11 02:29:54,687 - github_extractor - INFO - Obteniendo página 3 de resultados...
2025-04-11 02:29:57,931 - github_extractor - INFO - Obteniendo página 4 de resultados...
2025-04-11 02:30:00,879 - github_extractor - INFO - Obteniendo página 5 de resultados...
2025-04-11 02:30:03,977 - github_extractor - INFO - Obteniendo página 6 de resultados...
2025-04-11 02:30:07,912 - github_extractor - INFO - Obteniendo página 7 de resultados...
2025-04-11 02:30:12,078 - github_extractor - INFO - Obteniendo página 8 de resultados...
2025-04-11 02:30:15,505 - github_extractor - INFO - Obteniendo página 9 de resultados...
2025-04-11 02:30:18,900 - github_extractor - INFO - Obteniendo página 10 de resultados...
2025-04-11 02:30:22,386 - github_extractor - INFO - Encontrados 1000 repositorios que coinciden con los criterios
2025-04-11 02:30:24,388 - github_extractor - INFO - Buscando repositorios con query: stars:>5
2025-04-11 02:30:24,388 - github_extractor - INFO - Obteniendo página 1 de resultados...
2025-04-11 02:30:27,907 - github_extractor - INFO - Obteniendo página 2 de resultados...
2025-04-11 02:30:31,392 - github_extractor - INFO - Obteniendo página 3 de resultados...
2025-04-11 02:30:34,568 - github_extractor - INFO - Obteniendo página 4 de resultados...
2025-04-11 02:30:38,364 - github_extractor - INFO - Obteniendo página 5 de resultados...
2025-04-11 02:30:41,521 - github_extractor - INFO - Obteniendo página 6 de resultados...
2025-04-11 02:30:45,306 - github_extractor - INFO - Obteniendo página 7 de resultados...
2025-04-11 02:30:49,004 - github_extractor - INFO - Obteniendo página 8 de resultados...
2025-04-11 02:30:51,963 - github_extractor - INFO - Obteniendo página 9 de resultados...
2025-04-11 02:30:55,699 - github_extractor - INFO - Obteniendo página 10 de resultados...
2025-04-11 02:30:59,228 - github_extractor - INFO - Encontrados 1000 repositorios que coinciden con los criterios
2025-04-11 02:31:01,230 - github_extractor - INFO - Buscando repositorios con query: stars:>5
2025-04-11 02:31:01,230 - github_extractor - INFO - Obteniendo página 1 de resultados...
2025-04-11 02:31:04,905 - github_extractor - INFO - Obteniendo página 2 de resultados...
2025-04-11 02:31:08,739 - github_extractor - INFO - Obteniendo página 3 de resultados...
2025-04-11 02:31:12,407 - github_extractor - INFO - Obteniendo página 4 de resultados...
2025-04-11 02:31:16,339 - github_extractor - INFO - Obteniendo página 5 de resultados...
2025-04-11 02:31:19,634 - github_extractor - INFO - Obteniendo página 6 de resultados...
2025-04-11 02:31:23,419 - github_extractor - INFO - Obteniendo página 7 de resultados...
2025-04-11 02:31:26,821 - github_extractor - INFO - Obteniendo página 8 de resultados...
2025-04-11 02:31:30,665 - github_extractor - INFO - Obteniendo página 9 de resultados...
2025-04-11 02:31:34,222 - github_extractor - INFO - Obteniendo página 10 de resultados...
2025-04-11 02:31:37,954 - github_extractor - INFO - Encontrados 1000 repositorios que coinciden con los criterios
2025-04-11 02:31:39,955 - github_extractor - INFO - Buscando repositorios con query: stars:>5
2025-04-11 02:31:39,956 - github_extractor - INFO - Obteniendo página 1 de resultados...
2025-04-11 02:31:43,301 - github_extractor - INFO - Obteniendo página 2 de resultados...
2025-04-11 02:31:46,483 - github_extractor - INFO - Obteniendo página 3 de resultados...
2025-04-11 02:31:49,553 - github_extractor - INFO - Obteniendo página 4 de resultados...
2025-04-11 02:31:52,737 - github_extractor - INFO - Obteniendo página 5 de resultados...
2025-04-11 02:31:55,875 - github_extractor - INFO - Obteniendo página 6 de resultados...
2025-04-11 02:31:58,847 - github_extractor - INFO - Obteniendo página 7 de resultados...
2025-04-11 02:32:06,322 - github_extractor - INFO - Obteniendo página 8 de resultados...
2025-04-11 02:32:09,728 - github_extractor - INFO - Obteniendo página 9 de resultados...
2025-04-11 02:32:12,700 - github_extractor - INFO - Obteniendo página 10 de resultados...
2025-04-11 02:32:16,206 - github_extractor - INFO - Encontrados 1000 repositorios que coinciden con los criterios
2025-04-11 02:32:18,208 - github_extractor - INFO - Buscando repositorios con query: stars:>5
2025-04-11 02:32:18,208 - github_extractor - INFO - Obteniendo página 1 de resultados...
2025-04-11 02:32:21,923 - github_extractor - INFO - Obteniendo página 2 de resultados...
2025-04-11 02:32:25,661 - github_extractor - INFO - Obteniendo página 3 de resultados...
2025-04-11 02:32:30,096 - github_extractor - INFO - Obteniendo página 4 de resultados...
2025-04-11 02:32:33,346 - github_extractor - INFO - Obteniendo página 5 de resultados...
2025-04-11 02:32:37,369 - github_extractor - INFO - Obteniendo página 6 de resultados...
2025-04-11 02:32:40,856 - github_extractor - INFO - Obteniendo página 7 de resultados...
2025-04-11 02:32:44,034 - github_extractor - INFO - Obteniendo página 8 de resultados...
