2025-04-11 02:00:40,327 - github_extractor - INFO - GithubExtractor initialized
2025-04-11 02:00:40,328 - github_extractor - INFO - Buscando repositorios con query: stars:>100
2025-04-11 02:00:40,328 - github_extractor - INFO - Obteniendo página 1 de resultados...
2025-04-11 02:00:43,666 - github_extractor - INFO - Obteniendo página 2 de resultados...
2025-04-11 02:00:47,185 - github_extractor - INFO - Obteniendo página 3 de resultados...
2025-04-11 02:00:51,038 - github_extractor - INFO - Obteniendo página 4 de resultados...
2025-04-11 02:00:54,332 - github_extractor - INFO - Obteniendo página 5 de resultados...
2025-04-11 02:00:57,880 - github_extractor - INFO - Obteniendo página 6 de resultados...
2025-04-11 02:01:01,770 - github_extractor - INFO - Obteniendo página 7 de resultados...
2025-04-11 02:01:04,984 - github_extractor - INFO - Obteniendo página 8 de resultados...
2025-04-11 02:01:08,064 - github_extractor - INFO - Obteniendo página 9 de resultados...
2025-04-11 02:01:11,398 - github_extractor - INFO - Obteniendo página 10 de resultados...
2025-04-11 02:01:15,086 - github_extractor - INFO - Obteniendo página 11 de resultados...
2025-04-11 02:01:15,713 - github_extractor - ERROR - Solicitud falló con código: 422
2025-04-11 02:01:15,714 - github_extractor - INFO - Encontrados 1000 repositorios que coinciden con los criterios
2025-04-11 02:01:15,721 - github_extractor - INFO - Guardados 1000 repositorios en top_repositories.csv
2025-04-11 02:01:15,729 - github_extractor - INFO - Distribución de repositorios por año de creación: {2008: 3, 2009: 9, 2010: 39, 2011: 39, 2012: 48, 2013: 75, 2014: 86, 2015: 103, 2016: 99, 2017: 79, 2018: 86, 2019: 69, 2020: 66, 2021: 46, 2022: 45, 2023: 74, 2024: 32, 2025: 2}
2025-04-11 02:01:15,729 - github_extractor - INFO - Análisis de problemas abiertos: {'total_issues': 716687, 'avg_issues_per_repo': 716.687, 'max_issues': 31724, 'min_issues': 0, 'distribution_percentages': {'0': 0.7000000000000001, '1-10': 6.3, '11-50': 15.0, '51-100': 11.0, '101-500': 36.199999999999996, '501+': 30.8}}
2025-04-11 02:01:16,535 - github_extractor - INFO - Repository freeCodeCamp/freeCodeCamp found
2025-04-11 02:01:16,535 - github_extractor - INFO - Repository URL: https://github.com/freeCodeCamp/freeCodeCamp
2025-04-11 02:01:16,535 - github_extractor - INFO - Repository Description: freeCodeCamp.org's open-source codebase and curriculum. Learn to code for free.
2025-04-11 02:01:16,535 - github_extractor - INFO - Repository Language: TypeScript
2025-04-11 02:01:16,535 - github_extractor - INFO - Repository Stars: 416165
2025-04-11 02:01:16,535 - github_extractor - INFO - Repository Forks: 39756
2025-04-11 02:01:16,535 - github_extractor - INFO - Repository Open Issues: 232
2025-04-11 02:01:16,535 - github_extractor - INFO - Repository freeCodeCamp/freeCodeCamp found
2025-04-11 02:01:16,535 - github_extractor - INFO - Repository Owner: freeCodeCamp
2025-04-11 02:01:16,535 - github_extractor - INFO - Fetching stargazers for freeCodeCamp/freeCodeCamp...
2025-04-11 02:01:16,535 - github_extractor - INFO - Fetching page 1 of stargazers...
2025-04-11 02:01:18,889 - github_extractor - INFO - Fetching page 2 of stargazers...
2025-04-11 02:01:21,348 - github_extractor - INFO - Fetching page 3 of stargazers...
