2025-04-11 01:58:56,444 - github_extractor - INFO - GithubExtractor initialized
2025-04-11 01:58:56,445 - github_extractor - INFO - Buscando repositorios con query: stars:>100
2025-04-11 01:58:56,445 - github_extractor - INFO - Obteniendo página 1 de resultados...
2025-04-11 01:59:00,257 - github_extractor - INFO - Obteniendo página 2 de resultados...
2025-04-11 01:59:03,717 - github_extractor - INFO - Obteniendo página 3 de resultados...
2025-04-11 01:59:06,979 - github_extractor - INFO - Obteniendo página 4 de resultados...
2025-04-11 01:59:10,226 - github_extractor - INFO - Obteniendo página 5 de resultados...
2025-04-11 01:59:14,164 - github_extractor - INFO - Obteniendo página 6 de resultados...
2025-04-11 01:59:17,617 - github_extractor - INFO - Obteniendo página 7 de resultados...
2025-04-11 01:59:20,944 - github_extractor - INFO - Obteniendo página 8 de resultados...
2025-04-11 01:59:24,793 - github_extractor - INFO - Obteniendo página 9 de resultados...
2025-04-11 01:59:27,785 - github_extractor - INFO - Obteniendo página 10 de resultados...
2025-04-11 01:59:31,312 - github_extractor - INFO - Obteniendo página 11 de resultados...
2025-04-11 01:59:31,895 - github_extractor - ERROR - Solicitud falló con código: 422
2025-04-11 01:59:31,896 - github_extractor - INFO - Encontrados 1000 repositorios que coinciden con los criterios
2025-04-11 01:59:31,905 - github_extractor - INFO - Guardados 1000 repositorios en top_repositories.csv
2025-04-11 01:59:31,913 - github_extractor - INFO - Distribución de repositorios por año de creación: {2008: 3, 2009: 9, 2010: 39, 2011: 39, 2012: 48, 2013: 75, 2014: 86, 2015: 103, 2016: 99, 2017: 79, 2018: 86, 2019: 69, 2020: 66, 2021: 46, 2022: 45, 2023: 74, 2024: 32, 2025: 2}
2025-04-11 01:59:31,913 - github_extractor - INFO - Análisis de problemas abiertos: {'total_issues': 716691, 'avg_issues_per_repo': 716.691, 'max_issues': 31724, 'min_issues': 0, 'distribution_percentages': {'0': 0.7000000000000001, '1-10': 6.3, '11-50': 15.0, '51-100': 11.0, '101-500': 36.199999999999996, '501+': 30.8}}
2025-04-11 01:59:32,665 - github_extractor - INFO - Repository freeCodeCamp/freeCodeCamp found
2025-04-11 01:59:32,665 - github_extractor - INFO - Repository URL: https://github.com/freeCodeCamp/freeCodeCamp
2025-04-11 01:59:32,665 - github_extractor - INFO - Repository Description: freeCodeCamp.org's open-source codebase and curriculum. Learn to code for free.
2025-04-11 01:59:32,665 - github_extractor - INFO - Repository Language: TypeScript
2025-04-11 01:59:32,665 - github_extractor - INFO - Repository Stars: 416165
2025-04-11 01:59:32,665 - github_extractor - INFO - Repository Forks: 39756
2025-04-11 01:59:32,665 - github_extractor - INFO - Repository Open Issues: 232
2025-04-11 01:59:32,665 - github_extractor - INFO - Repository freeCodeCamp/freeCodeCamp found
2025-04-11 01:59:32,665 - github_extractor - INFO - Repository Owner: freeCodeCamp
2025-04-11 01:59:32,666 - github_extractor - INFO - Fetching stargazers for freeCodeCamp/freeCodeCamp...
2025-04-11 01:59:32,666 - github_extractor - INFO - Fetching page 1 of stargazers...
2025-04-11 01:59:35,116 - github_extractor - INFO - Fetching page 2 of stargazers...
2025-04-11 01:59:37,718 - github_extractor - INFO - Fetching page 3 of stargazers...
2025-04-11 01:59:40,349 - github_extractor - INFO - Fetching page 4 of stargazers...
2025-04-11 01:59:43,001 - github_extractor - INFO - Fetching page 5 of stargazers...
2025-04-11 01:59:45,477 - github_extractor - INFO - Fetching page 6 of stargazers...
2025-04-11 01:59:48,080 - github_extractor - INFO - Fetching page 7 of stargazers...
2025-04-11 01:59:50,718 - github_extractor - INFO - Fetching page 8 of stargazers...
2025-04-11 01:59:53,287 - github_extractor - INFO - Fetching page 9 of stargazers...
2025-04-11 01:59:56,216 - github_extractor - INFO - Fetching page 10 of stargazers...
2025-04-11 01:59:58,689 - github_extractor - INFO - Fetching page 11 of stargazers...
2025-04-11 02:00:01,205 - github_extractor - INFO - Fetching page 12 of stargazers...
2025-04-11 02:00:04,069 - github_extractor - INFO - Fetching page 13 of stargazers...
2025-04-11 02:00:06,615 - github_extractor - INFO - Fetching page 14 of stargazers...
2025-04-11 02:00:08,993 - github_extractor - INFO - Fetching page 15 of stargazers...
2025-04-11 02:00:11,131 - github_extractor - INFO - Fetching page 16 of stargazers...
