2025-04-10 18:09:12,561 - github_extractor - INFO - GithubExtractor initialized
2025-04-10 18:09:13,023 - github_extractor - INFO - Repository expressjs/express found
2025-04-10 18:09:13,023 - github_extractor - INFO - Repository URL: https://github.com/expressjs/express
2025-04-10 18:09:13,023 - github_extractor - INFO - Repository Description: Fast, unopinionated, minimalist web framework for node.
2025-04-10 18:09:13,023 - github_extractor - INFO - Repository Language: JavaScript
2025-04-10 18:09:13,023 - github_extractor - INFO - Repository Stars: 66704
2025-04-10 18:09:13,023 - github_extractor - INFO - Repository Forks: 18152
2025-04-10 18:09:13,023 - github_extractor - INFO - Repository Open Issues: 176
2025-04-10 18:09:13,024 - github_extractor - INFO - Repository expressjs/express found
2025-04-10 18:09:13,024 - github_extractor - INFO - Repository Owner: expressjs
2025-04-10 18:09:13,024 - github_extractor - INFO - Fetching stargazers for expressjs/express...
2025-04-10 18:09:13,024 - github_extractor - INFO - Fetching page 1 of stargazers...
2025-04-10 18:09:13,781 - github_extractor - INFO - Found 100 users who starred expressjs/express
2025-04-10 18:09:13,781 - github_extractor - INFO - Fetching repositories for user vanpelt...
2025-04-10 18:09:14,657 - github_extractor - INFO - Found 30 repositories for user vanpelt
2025-04-10 18:09:14,658 - github_extractor - INFO - Fetching repositories for user caged...
2025-04-10 18:09:15,607 - github_extractor - INFO - Found 30 repositories for user caged
2025-04-10 18:09:15,607 - github_extractor - INFO - Fetching repositories for user kevwil...
2025-04-10 18:09:16,502 - github_extractor - INFO - Found 30 repositories for user kevwil
2025-04-10 18:09:16,503 - github_extractor - INFO - Fetching repositories for user atmos...
2025-04-10 18:09:17,333 - github_extractor - INFO - Found 30 repositories for user atmos
2025-04-10 18:09:17,334 - github_extractor - INFO - Fetching repositories for user elbowdonkey...
2025-04-10 18:09:18,314 - github_extractor - INFO - Found 30 repositories for user elbowdonkey
2025-04-10 18:09:18,315 - github_extractor - INFO - Fetching repositories for user bruce...
2025-04-10 18:09:19,262 - github_extractor - INFO - Found 30 repositories for user bruce
2025-04-10 18:09:19,263 - github_extractor - INFO - Fetching repositories for user BrianTheCoder...
2025-04-10 18:09:20,202 - github_extractor - INFO - Found 30 repositories for user BrianTheCoder
2025-04-10 18:09:20,203 - github_extractor - INFO - Fetching repositories for user lancecarlson...
2025-04-10 18:09:21,143 - github_extractor - INFO - Found 30 repositories for user lancecarlson
2025-04-10 18:09:21,144 - github_extractor - INFO - Fetching repositories for user thewoolleyman...
2025-04-10 18:09:22,047 - github_extractor - INFO - Found 30 repositories for user thewoolleyman
2025-04-10 18:09:22,047 - github_extractor - INFO - Fetching repositories for user mtodd...
2025-04-10 18:09:22,901 - github_extractor - INFO - Found 30 repositories for user mtodd
2025-04-10 18:09:22,902 - github_extractor - INFO - Fetching repositories for user matthewford...
2025-04-10 18:09:23,742 - github_extractor - INFO - Found 30 repositories for user matthewford
2025-04-10 18:09:23,742 - github_extractor - INFO - Fetching repositories for user rdempsey...
2025-04-10 18:09:24,633 - github_extractor - INFO - Found 30 repositories for user rdempsey
2025-04-10 18:09:24,634 - github_extractor - INFO - Fetching repositories for user scharfie...
2025-04-10 18:09:25,521 - github_extractor - INFO - Found 30 repositories for user scharfie
2025-04-10 18:09:25,521 - github_extractor - INFO - Fetching repositories for user activestylus...
2025-04-10 18:09:26,432 - github_extractor - INFO - Found 30 repositories for user activestylus
2025-04-10 18:09:26,433 - github_extractor - INFO - Fetching repositories for user rds...
2025-04-10 18:09:27,323 - github_extractor - INFO - Found 30 repositories for user rds
2025-04-10 18:09:27,323 - github_extractor - INFO - Fetching repositories for user tomfarm...
2025-04-10 18:09:28,302 - github_extractor - INFO - Found 30 repositories for user tomfarm
2025-04-10 18:09:28,303 - github_extractor - INFO - Fetching repositories for user TheNicholasNick...
2025-04-10 18:09:29,049 - github_extractor - INFO - Found 21 repositories for user TheNicholasNick
2025-04-10 18:09:29,049 - github_extractor - INFO - Fetching repositories for user vic...
2025-04-10 18:09:29,907 - github_extractor - INFO - Found 30 repositories for user vic
2025-04-10 18:09:29,907 - github_extractor - INFO - Fetching repositories for user hchoroomi...
2025-04-10 18:09:30,871 - github_extractor - INFO - Found 30 repositories for user hchoroomi
2025-04-10 18:09:30,871 - github_extractor - INFO - Fetching repositories for user methodmissing...
2025-04-10 18:09:31,827 - github_extractor - INFO - Found 30 repositories for user methodmissing
2025-04-10 18:09:31,827 - github_extractor - INFO - Fetching repositories for user mariusz...
2025-04-10 18:09:34,389 - github_extractor - INFO - Found 30 repositories for user mariusz
2025-04-10 18:09:34,389 - github_extractor - INFO - Fetching repositories for user wvl...
2025-04-10 18:09:35,293 - github_extractor - INFO - Found 30 repositories for user wvl
2025-04-10 18:09:35,294 - github_extractor - INFO - Fetching repositories for user foca...
2025-04-10 18:09:36,211 - github_extractor - INFO - Found 30 repositories for user foca
2025-04-10 18:09:36,212 - github_extractor - INFO - Fetching repositories for user voodootikigod...
2025-04-10 18:09:37,153 - github_extractor - INFO - Found 30 repositories for user voodootikigod
2025-04-10 18:09:37,154 - github_extractor - INFO - Fetching repositories for user shinzui...
2025-04-10 18:09:38,165 - github_extractor - INFO - Found 30 repositories for user shinzui
2025-04-10 18:09:38,166 - github_extractor - INFO - Fetching repositories for user auser...
2025-04-10 18:09:39,184 - github_extractor - INFO - Found 30 repositories for user auser
2025-04-10 18:09:39,185 - github_extractor - INFO - Fetching repositories for user rmanalan...
2025-04-10 18:09:40,150 - github_extractor - INFO - Found 30 repositories for user rmanalan
2025-04-10 18:09:40,151 - github_extractor - INFO - Fetching repositories for user scottymac...
2025-04-10 18:09:40,994 - github_extractor - INFO - Found 30 repositories for user scottymac
2025-04-10 18:09:40,994 - github_extractor - INFO - Fetching repositories for user andykent...
2025-04-10 18:09:41,926 - github_extractor - INFO - Found 30 repositories for user andykent
2025-04-10 18:09:41,927 - github_extractor - INFO - Fetching repositories for user ph...
2025-04-10 18:09:42,891 - github_extractor - INFO - Found 30 repositories for user ph
2025-04-10 18:09:42,892 - github_extractor - INFO - Fetching repositories for user hipertracker...
2025-04-10 18:09:43,812 - github_extractor - INFO - Found 30 repositories for user hipertracker
2025-04-10 18:09:43,813 - github_extractor - INFO - Fetching repositories for user tomislav...
2025-04-10 18:09:44,467 - github_extractor - INFO - Found 11 repositories for user tomislav
2025-04-10 18:09:44,467 - github_extractor - INFO - Fetching repositories for user dgiunta...
2025-04-10 18:09:45,311 - github_extractor - INFO - Found 25 repositories for user dgiunta
2025-04-10 18:09:45,312 - github_extractor - INFO - Fetching repositories for user nkallen...
2025-04-10 18:09:46,270 - github_extractor - INFO - Found 30 repositories for user nkallen
2025-04-10 18:09:46,270 - github_extractor - INFO - Fetching repositories for user gjnoonan...
2025-04-10 18:09:47,248 - github_extractor - INFO - Found 30 repositories for user gjnoonan
2025-04-10 18:09:47,248 - github_extractor - INFO - Fetching repositories for user kaspar...
2025-04-10 18:09:47,715 - github_extractor - INFO - Found 5 repositories for user kaspar
2025-04-10 18:09:47,715 - github_extractor - INFO - Fetching repositories for user malkomalko...
2025-04-10 18:09:48,717 - github_extractor - INFO - Found 30 repositories for user malkomalko
2025-04-10 18:09:48,718 - github_extractor - INFO - Fetching repositories for user peburrows...
2025-04-10 18:09:49,412 - github_extractor - INFO - Found 30 repositories for user peburrows
2025-04-10 18:09:49,412 - github_extractor - INFO - Fetching repositories for user dusty...
2025-04-10 18:09:50,230 - github_extractor - INFO - Found 30 repositories for user dusty
2025-04-10 18:09:50,230 - github_extractor - INFO - Fetching repositories for user weepy...
2025-04-10 18:09:51,202 - github_extractor - INFO - Found 30 repositories for user weepy
2025-04-10 18:09:51,203 - github_extractor - INFO - Fetching repositories for user mountain...
2025-04-10 18:09:52,186 - github_extractor - INFO - Found 30 repositories for user mountain
2025-04-10 18:09:52,186 - github_extractor - INFO - Fetching repositories for user scotu...
2025-04-10 18:09:53,073 - github_extractor - INFO - Found 30 repositories for user scotu
2025-04-10 18:09:53,073 - github_extractor - INFO - Fetching repositories for user peters...
2025-04-10 18:09:54,044 - github_extractor - INFO - Found 30 repositories for user peters
2025-04-10 18:09:54,044 - github_extractor - INFO - Fetching repositories for user mmmurf...
2025-04-10 18:09:54,970 - github_extractor - INFO - Found 30 repositories for user mmmurf
2025-04-10 18:09:54,971 - github_extractor - INFO - Fetching repositories for user dennisreimann...
2025-04-10 18:09:55,819 - github_extractor - INFO - Found 30 repositories for user dennisreimann
2025-04-10 18:09:55,820 - github_extractor - INFO - Fetching repositories for user kennyp...
2025-04-10 18:09:56,830 - github_extractor - INFO - Found 30 repositories for user kennyp
2025-04-10 18:09:56,830 - github_extractor - INFO - Fetching repositories for user ejdraper...
2025-04-10 18:09:57,820 - github_extractor - INFO - Found 30 repositories for user ejdraper
2025-04-10 18:09:57,821 - github_extractor - INFO - Fetching repositories for user constantine-nikolaou...
2025-04-10 18:09:58,848 - github_extractor - INFO - Found 30 repositories for user constantine-nikolaou
2025-04-10 18:09:58,849 - github_extractor - INFO - Fetching repositories for user nick...
2025-04-10 18:09:59,709 - github_extractor - INFO - Found 30 repositories for user nick
2025-04-10 18:09:59,709 - github_extractor - INFO - Fetching repositories for user Sija...
2025-04-10 18:10:00,623 - github_extractor - INFO - Found 30 repositories for user Sija
2025-04-10 18:10:00,623 - github_extractor - INFO - Fetching repositories for user martinemde...
2025-04-10 18:10:02,504 - github_extractor - INFO - Found 30 repositories for user martinemde
2025-04-10 18:10:02,504 - github_extractor - INFO - Fetching repositories for user sbecker...
2025-04-10 18:10:03,465 - github_extractor - INFO - Found 30 repositories for user sbecker
2025-04-10 18:10:03,466 - github_extractor - INFO - Fetching repositories for user zmack...
2025-04-10 18:10:04,487 - github_extractor - INFO - Found 30 repositories for user zmack
2025-04-10 18:10:04,487 - github_extractor - INFO - Fetching repositories for user andrew...
2025-04-10 18:10:05,107 - github_extractor - INFO - Found 30 repositories for user andrew
2025-04-10 18:10:05,107 - github_extractor - INFO - Fetching repositories for user ismasan...
2025-04-10 18:10:06,068 - github_extractor - INFO - Found 30 repositories for user ismasan
2025-04-10 18:10:06,068 - github_extractor - INFO - Fetching repositories for user maxterry...
2025-04-10 18:10:07,141 - github_extractor - INFO - Found 29 repositories for user maxterry
2025-04-10 18:10:07,141 - github_extractor - INFO - Fetching repositories for user fsvehla...
2025-04-10 18:10:07,960 - github_extractor - INFO - Found 26 repositories for user fsvehla
2025-04-10 18:10:07,961 - github_extractor - INFO - Fetching repositories for user shillcock...
2025-04-10 18:10:08,781 - github_extractor - INFO - Found 30 repositories for user shillcock
2025-04-10 18:10:08,782 - github_extractor - INFO - Fetching repositories for user careo...
2025-04-10 18:10:09,397 - github_extractor - INFO - Found 30 repositories for user careo
2025-04-10 18:10:09,397 - github_extractor - INFO - Fetching repositories for user willb...
2025-04-10 18:10:10,442 - github_extractor - INFO - Found 30 repositories for user willb
2025-04-10 18:10:10,442 - github_extractor - INFO - Fetching repositories for user findchris...
2025-04-10 18:10:11,286 - github_extractor - INFO - Found 30 repositories for user findchris
2025-04-10 18:10:11,286 - github_extractor - INFO - Fetching repositories for user jwinter...
2025-04-10 18:10:12,217 - github_extractor - INFO - Found 30 repositories for user jwinter
2025-04-10 18:10:12,217 - github_extractor - INFO - Fetching repositories for user rapind...
2025-04-10 18:10:13,228 - github_extractor - INFO - Found 30 repositories for user rapind
2025-04-10 18:10:13,229 - github_extractor - INFO - Fetching repositories for user tsmckelvey...
2025-04-10 18:10:13,912 - github_extractor - INFO - Found 18 repositories for user tsmckelvey
2025-04-10 18:10:13,912 - github_extractor - INFO - Fetching repositories for user bgianfo...
2025-04-10 18:10:14,689 - github_extractor - INFO - Found 30 repositories for user bgianfo
2025-04-10 18:10:14,689 - github_extractor - INFO - Fetching repositories for user ryanwilliams...
2025-04-10 18:10:15,235 - github_extractor - INFO - Found 8 repositories for user ryanwilliams
2025-04-10 18:10:15,235 - github_extractor - INFO - Fetching repositories for user jzting...
2025-04-10 18:10:16,044 - github_extractor - INFO - Found 28 repositories for user jzting
2025-04-10 18:10:16,045 - github_extractor - INFO - Fetching repositories for user matehat...
2025-04-10 18:10:16,908 - github_extractor - INFO - Found 30 repositories for user matehat
2025-04-10 18:10:16,910 - github_extractor - INFO - Fetching repositories for user lgastako...
2025-04-10 18:10:17,796 - github_extractor - INFO - Found 30 repositories for user lgastako
2025-04-10 18:10:17,796 - github_extractor - INFO - Fetching repositories for user dyokomizo...
2025-04-10 18:10:18,528 - github_extractor - INFO - Found 22 repositories for user dyokomizo
2025-04-10 18:10:18,528 - github_extractor - INFO - Fetching repositories for user lackac...
2025-04-10 18:10:19,510 - github_extractor - INFO - Found 30 repositories for user lackac
2025-04-10 18:10:19,510 - github_extractor - INFO - Fetching repositories for user charlenopires...
2025-04-10 18:10:20,058 - github_extractor - INFO - Found 10 repositories for user charlenopires
2025-04-10 18:10:20,059 - github_extractor - INFO - Fetching repositories for user h3h...
2025-04-10 18:10:20,989 - github_extractor - INFO - Found 30 repositories for user h3h
2025-04-10 18:10:20,990 - github_extractor - INFO - Fetching repositories for user fannar...
2025-04-10 18:10:21,713 - github_extractor - INFO - Found 21 repositories for user fannar
2025-04-10 18:10:21,713 - github_extractor - INFO - Fetching repositories for user mcroydon...
2025-04-10 18:10:22,670 - github_extractor - INFO - Found 30 repositories for user mcroydon
2025-04-10 18:10:22,670 - github_extractor - INFO - Fetching repositories for user stphnclysmth...
2025-04-10 18:10:23,113 - github_extractor - INFO - Found 4 repositories for user stphnclysmth
2025-04-10 18:10:23,113 - github_extractor - INFO - Fetching repositories for user mintchaos...
2025-04-10 18:10:23,856 - github_extractor - INFO - Found 28 repositories for user mintchaos
2025-04-10 18:10:23,857 - github_extractor - INFO - Fetching repositories for user slim...
2025-04-10 18:10:24,750 - github_extractor - INFO - Found 30 repositories for user slim
2025-04-10 18:10:24,751 - github_extractor - INFO - Fetching repositories for user newtonapple...
2025-04-10 18:10:25,691 - github_extractor - INFO - Found 30 repositories for user newtonapple
2025-04-10 18:10:25,691 - github_extractor - INFO - Fetching repositories for user kolektiv...
2025-04-10 18:10:26,356 - github_extractor - INFO - Found 25 repositories for user kolektiv
2025-04-10 18:10:26,357 - github_extractor - INFO - Fetching repositories for user taf2...
2025-04-10 18:10:27,361 - github_extractor - INFO - Found 30 repositories for user taf2
2025-04-10 18:10:27,361 - github_extractor - INFO - Fetching repositories for user stan...
2025-04-10 18:10:28,301 - github_extractor - INFO - Found 30 repositories for user stan
2025-04-10 18:10:28,301 - github_extractor - INFO - Fetching repositories for user lgs...
2025-04-10 18:10:29,384 - github_extractor - INFO - Found 30 repositories for user lgs
2025-04-10 18:10:29,385 - github_extractor - INFO - Fetching repositories for user na...
2025-04-10 18:10:30,242 - github_extractor - INFO - Found 30 repositories for user na
2025-04-10 18:10:30,243 - github_extractor - INFO - Fetching repositories for user brad...
2025-04-10 18:10:31,209 - github_extractor - INFO - Found 30 repositories for user brad
2025-04-10 18:10:31,209 - github_extractor - INFO - Fetching repositories for user thomlinton...
2025-04-10 18:10:32,138 - github_extractor - INFO - Found 30 repositories for user thomlinton
2025-04-10 18:10:32,138 - github_extractor - INFO - Fetching repositories for user toke...
2025-04-10 18:10:33,033 - github_extractor - INFO - Found 30 repositories for user toke
2025-04-10 18:10:33,034 - github_extractor - INFO - Fetching repositories for user joshua...
2025-04-10 18:10:33,943 - github_extractor - INFO - Found 30 repositories for user joshua
2025-04-10 18:10:33,943 - github_extractor - INFO - Fetching repositories for user mikevalstar...
2025-04-10 18:10:34,679 - github_extractor - INFO - Found 23 repositories for user mikevalstar
2025-04-10 18:10:34,679 - github_extractor - INFO - Fetching repositories for user andrewn...
2025-04-10 18:10:35,608 - github_extractor - INFO - Found 30 repositories for user andrewn
2025-04-10 18:10:35,608 - github_extractor - INFO - Fetching repositories for user benhodgson...
2025-04-10 18:10:36,136 - github_extractor - INFO - Found 13 repositories for user benhodgson
2025-04-10 18:10:36,136 - github_extractor - INFO - Fetching repositories for user mattgrayson...
2025-04-10 18:10:36,874 - github_extractor - INFO - Found 24 repositories for user mattgrayson
2025-04-10 18:10:36,875 - github_extractor - INFO - Fetching repositories for user cj...
2025-04-10 18:10:37,985 - github_extractor - INFO - Found 30 repositories for user cj
2025-04-10 18:10:37,986 - github_extractor - INFO - Fetching repositories for user mikehaugland...
2025-04-10 18:10:38,874 - github_extractor - INFO - Found 26 repositories for user mikehaugland
2025-04-10 18:10:38,875 - github_extractor - INFO - Fetching repositories for user sabman...
2025-04-10 18:10:39,790 - github_extractor - INFO - Found 30 repositories for user sabman
2025-04-10 18:10:39,791 - github_extractor - INFO - Fetching repositories for user fel...
2025-04-10 18:10:40,198 - github_extractor - INFO - Found 2 repositories for user fel
2025-04-10 18:10:40,198 - github_extractor - INFO - Fetching repositories for user colinsurprenant...
2025-04-10 18:10:41,672 - github_extractor - INFO - Found 30 repositories for user colinsurprenant
2025-04-10 18:10:41,673 - github_extractor - INFO - Fetching repositories for user bantic...
2025-04-10 18:10:42,610 - github_extractor - INFO - Found 30 repositories for user bantic
2025-04-10 18:10:42,611 - github_extractor - INFO - Fetching repositories for user kirk...
2025-04-10 18:10:43,053 - github_extractor - INFO - Found 4 repositories for user kirk
2025-04-10 18:10:43,054 - github_extractor - INFO - Fetching repositories for user zhhz...
2025-04-10 18:10:43,904 - github_extractor - INFO - Found 30 repositories for user zhhz
