2025-04-11 02:43:27,738 - github_extractor - INFO - GithubExtractor initialized
2025-04-11 02:43:27,739 - github_extractor - INFO - Buscando repositorios con query: language:javascript stars:5..100
2025-04-11 02:43:27,739 - github_extractor - INFO - Obteniendo página 1 de resultados...
2025-04-11 02:43:30,766 - github_extractor - INFO - Obteniendo página 2 de resultados...
2025-04-11 02:43:33,935 - github_extractor - INFO - Obteniendo página 3 de resultados...
2025-04-11 02:43:36,844 - github_extractor - INFO - Obteniendo página 4 de resultados...
2025-04-11 02:43:39,879 - github_extractor - INFO - Obteniendo página 5 de resultados...
2025-04-11 02:43:42,439 - github_extractor - INFO - Obteniendo página 6 de resultados...
2025-04-11 02:43:46,135 - github_extractor - INFO - Obteniendo página 7 de resultados...
2025-04-11 02:43:49,205 - github_extractor - INFO - Obteniendo página 8 de resultados...
2025-04-11 02:43:52,368 - github_extractor - INFO - Obteniendo página 9 de resultados...
2025-04-11 02:43:55,452 - github_extractor - INFO - Obteniendo página 10 de resultados...
2025-04-11 02:43:58,414 - github_extractor - INFO - Encontrados 1000 repositorios que coinciden con los criterios
2025-04-11 02:43:58,415 - github_extractor - INFO - Buscando repositorios con query: language:javascript stars:100..500
2025-04-11 02:43:58,416 - github_extractor - INFO - Obteniendo página 1 de resultados...
2025-04-11 02:44:01,675 - github_extractor - INFO - Obteniendo página 2 de resultados...
2025-04-11 02:44:04,031 - github_extractor - INFO - Obteniendo página 3 de resultados...
2025-04-11 02:44:07,096 - github_extractor - INFO - Obteniendo página 4 de resultados...
2025-04-11 02:44:09,788 - github_extractor - INFO - Obteniendo página 5 de resultados...
2025-04-11 02:44:12,849 - github_extractor - INFO - Obteniendo página 6 de resultados...
2025-04-11 02:44:15,893 - github_extractor - INFO - Obteniendo página 7 de resultados...
2025-04-11 02:44:18,939 - github_extractor - INFO - Obteniendo página 8 de resultados...
2025-04-11 02:44:21,839 - github_extractor - INFO - Obteniendo página 9 de resultados...
2025-04-11 02:44:25,116 - github_extractor - INFO - Obteniendo página 10 de resultados...
2025-04-11 02:44:27,601 - github_extractor - INFO - Encontrados 1000 repositorios que coinciden con los criterios
2025-04-11 02:44:27,602 - github_extractor - INFO - Buscando repositorios con query: language:javascript stars:500..1000
2025-04-11 02:44:27,602 - github_extractor - INFO - Obteniendo página 1 de resultados...
2025-04-11 02:44:30,080 - github_extractor - INFO - Obteniendo página 2 de resultados...
2025-04-11 02:44:33,429 - github_extractor - INFO - Obteniendo página 3 de resultados...
2025-04-11 02:44:35,995 - github_extractor - INFO - Obteniendo página 4 de resultados...
2025-04-11 02:44:38,957 - github_extractor - INFO - Obteniendo página 5 de resultados...
2025-04-11 02:44:41,859 - github_extractor - INFO - Obteniendo página 6 de resultados...
2025-04-11 02:44:44,468 - github_extractor - INFO - Obteniendo página 7 de resultados...
2025-04-11 02:44:47,752 - github_extractor - INFO - Obteniendo página 8 de resultados...
2025-04-11 02:44:50,313 - github_extractor - INFO - Obteniendo página 9 de resultados...
2025-04-11 02:44:52,877 - github_extractor - INFO - Obteniendo página 10 de resultados...
2025-04-11 02:44:55,229 - github_extractor - INFO - Encontrados 1000 repositorios que coinciden con los criterios
2025-04-11 02:44:55,230 - github_extractor - INFO - Buscando repositorios con query: language:javascript stars:1000..5000
2025-04-11 02:44:55,230 - github_extractor - INFO - Obteniendo página 1 de resultados...
2025-04-11 02:44:58,214 - github_extractor - INFO - Obteniendo página 2 de resultados...
2025-04-11 02:45:01,476 - github_extractor - INFO - Obteniendo página 3 de resultados...
2025-04-11 02:45:04,485 - github_extractor - INFO - Obteniendo página 4 de resultados...
2025-04-11 02:45:07,358 - github_extractor - INFO - Obteniendo página 5 de resultados...
2025-04-11 02:45:10,231 - github_extractor - INFO - Obteniendo página 6 de resultados...
2025-04-11 02:45:12,947 - github_extractor - INFO - Obteniendo página 7 de resultados...
2025-04-11 02:45:15,721 - github_extractor - INFO - Obteniendo página 8 de resultados...
2025-04-11 02:45:19,550 - github_extractor - INFO - Obteniendo página 9 de resultados...
2025-04-11 02:45:22,382 - github_extractor - INFO - Obteniendo página 10 de resultados...
2025-04-11 02:45:25,073 - github_extractor - INFO - Encontrados 1000 repositorios que coinciden con los criterios
2025-04-11 02:45:25,075 - github_extractor - INFO - Buscando repositorios con query: language:javascript stars:>5000
2025-04-11 02:45:25,075 - github_extractor - INFO - Obteniendo página 1 de resultados...
2025-04-11 02:45:28,756 - github_extractor - INFO - Obteniendo página 2 de resultados...
2025-04-11 02:45:32,011 - github_extractor - INFO - Obteniendo página 3 de resultados...
2025-04-11 02:45:35,769 - github_extractor - INFO - Obteniendo página 4 de resultados...
2025-04-11 02:45:39,199 - github_extractor - INFO - Obteniendo página 5 de resultados...
2025-04-11 02:45:42,030 - github_extractor - INFO - Obteniendo página 6 de resultados...
2025-04-11 02:45:44,864 - github_extractor - INFO - Obteniendo página 7 de resultados...
2025-04-11 02:45:47,679 - github_extractor - INFO - Obteniendo página 8 de resultados...
2025-04-11 02:45:50,292 - github_extractor - INFO - Obteniendo página 9 de resultados...
2025-04-11 02:45:53,205 - github_extractor - INFO - Obteniendo página 10 de resultados...
2025-04-11 02:45:55,972 - github_extractor - INFO - Encontrados 1000 repositorios que coinciden con los criterios
2025-04-11 02:45:57,973 - github_extractor - INFO - Buscando repositorios con query: language:python stars:5..100
2025-04-11 02:45:57,973 - github_extractor - INFO - Obteniendo página 1 de resultados...
2025-04-11 02:46:00,888 - github_extractor - INFO - Obteniendo página 2 de resultados...
2025-04-11 02:46:03,859 - github_extractor - INFO - Obteniendo página 3 de resultados...
2025-04-11 02:46:06,711 - github_extractor - INFO - Obteniendo página 4 de resultados...
2025-04-11 02:46:09,927 - github_extractor - INFO - Obteniendo página 5 de resultados...
2025-04-11 02:46:12,615 - github_extractor - INFO - Obteniendo página 6 de resultados...
2025-04-11 02:46:15,395 - github_extractor - INFO - Obteniendo página 7 de resultados...
2025-04-11 02:46:18,473 - github_extractor - INFO - Obteniendo página 8 de resultados...
2025-04-11 02:46:20,799 - github_extractor - INFO - Obteniendo página 9 de resultados...
2025-04-11 02:46:23,692 - github_extractor - INFO - Obteniendo página 10 de resultados...
2025-04-11 02:46:26,943 - github_extractor - INFO - Encontrados 1000 repositorios que coinciden con los criterios
2025-04-11 02:46:26,945 - github_extractor - INFO - Buscando repositorios con query: language:python stars:100..500
2025-04-11 02:46:26,945 - github_extractor - INFO - Obteniendo página 1 de resultados...
2025-04-11 02:46:29,789 - github_extractor - INFO - Obteniendo página 2 de resultados...
2025-04-11 02:46:32,681 - github_extractor - INFO - Obteniendo página 3 de resultados...
2025-04-11 02:46:35,680 - github_extractor - INFO - Obteniendo página 4 de resultados...
2025-04-11 02:46:38,183 - github_extractor - INFO - Obteniendo página 5 de resultados...
2025-04-11 02:46:41,079 - github_extractor - INFO - Obteniendo página 6 de resultados...
2025-04-11 02:46:43,623 - github_extractor - INFO - Obteniendo página 7 de resultados...
2025-04-11 02:46:46,179 - github_extractor - INFO - Obteniendo página 8 de resultados...
2025-04-11 02:46:48,638 - github_extractor - INFO - Obteniendo página 9 de resultados...
2025-04-11 02:46:51,418 - github_extractor - INFO - Obteniendo página 10 de resultados...
2025-04-11 02:46:54,295 - github_extractor - INFO - Encontrados 1000 repositorios que coinciden con los criterios
2025-04-11 02:46:54,298 - github_extractor - INFO - Buscando repositorios con query: language:python stars:500..1000
2025-04-11 02:46:54,298 - github_extractor - INFO - Obteniendo página 1 de resultados...
2025-04-11 02:46:57,107 - github_extractor - INFO - Obteniendo página 2 de resultados...
2025-04-11 02:47:00,325 - github_extractor - INFO - Obteniendo página 3 de resultados...
2025-04-11 02:47:03,021 - github_extractor - INFO - Obteniendo página 4 de resultados...
2025-04-11 02:47:05,701 - github_extractor - INFO - Obteniendo página 5 de resultados...
2025-04-11 02:47:08,237 - github_extractor - INFO - Obteniendo página 6 de resultados...
2025-04-11 02:47:11,167 - github_extractor - INFO - Obteniendo página 7 de resultados...
2025-04-11 02:47:14,134 - github_extractor - INFO - Obteniendo página 8 de resultados...
2025-04-11 02:47:17,081 - github_extractor - INFO - Obteniendo página 9 de resultados...
2025-04-11 02:47:20,254 - github_extractor - INFO - Obteniendo página 10 de resultados...
2025-04-11 02:47:23,028 - github_extractor - INFO - Encontrados 1000 repositorios que coinciden con los criterios
2025-04-11 02:47:23,029 - github_extractor - INFO - Buscando repositorios con query: language:python stars:1000..5000
2025-04-11 02:47:23,029 - github_extractor - INFO - Obteniendo página 1 de resultados...
2025-04-11 02:47:26,457 - github_extractor - INFO - Obteniendo página 2 de resultados...
2025-04-11 02:47:29,566 - github_extractor - INFO - Obteniendo página 3 de resultados...
2025-04-11 02:47:32,641 - github_extractor - INFO - Obteniendo página 4 de resultados...
2025-04-11 02:47:36,287 - github_extractor - INFO - Obteniendo página 5 de resultados...
2025-04-11 02:47:39,204 - github_extractor - INFO - Obteniendo página 6 de resultados...
2025-04-11 02:47:44,694 - github_extractor - INFO - Obteniendo página 7 de resultados...
2025-04-11 02:47:47,791 - github_extractor - INFO - Obteniendo página 8 de resultados...
2025-04-11 02:47:50,865 - github_extractor - INFO - Obteniendo página 9 de resultados...
2025-04-11 02:47:54,356 - github_extractor - INFO - Obteniendo página 10 de resultados...
2025-04-11 02:47:57,236 - github_extractor - INFO - Encontrados 1000 repositorios que coinciden con los criterios
2025-04-11 02:47:57,237 - github_extractor - INFO - Buscando repositorios con query: language:python stars:>5000
2025-04-11 02:47:57,237 - github_extractor - INFO - Obteniendo página 1 de resultados...
2025-04-11 02:48:00,287 - github_extractor - INFO - Obteniendo página 2 de resultados...
2025-04-11 02:48:03,656 - github_extractor - INFO - Obteniendo página 3 de resultados...
2025-04-11 02:48:06,562 - github_extractor - INFO - Obteniendo página 4 de resultados...
2025-04-11 02:48:09,577 - github_extractor - INFO - Obteniendo página 5 de resultados...
2025-04-11 02:48:12,572 - github_extractor - INFO - Obteniendo página 6 de resultados...
2025-04-11 02:48:15,332 - github_extractor - INFO - Obteniendo página 7 de resultados...
2025-04-11 02:48:18,137 - github_extractor - INFO - Obteniendo página 8 de resultados...
2025-04-11 02:48:20,915 - github_extractor - INFO - Obteniendo página 9 de resultados...
2025-04-11 02:48:23,736 - github_extractor - INFO - Obteniendo página 10 de resultados...
2025-04-11 02:48:27,020 - github_extractor - INFO - Encontrados 1000 repositorios que coinciden con los criterios
2025-04-11 02:48:29,022 - github_extractor - INFO - Buscando repositorios con query: language:java stars:5..100
2025-04-11 02:48:29,022 - github_extractor - INFO - Obteniendo página 1 de resultados...
2025-04-11 02:48:31,508 - github_extractor - INFO - Obteniendo página 2 de resultados...
2025-04-11 02:48:34,614 - github_extractor - INFO - Obteniendo página 3 de resultados...
2025-04-11 02:48:37,584 - github_extractor - INFO - Obteniendo página 4 de resultados...
2025-04-11 02:48:40,617 - github_extractor - INFO - Obteniendo página 5 de resultados...
2025-04-11 02:48:43,738 - github_extractor - INFO - Obteniendo página 6 de resultados...
2025-04-11 02:48:47,124 - github_extractor - INFO - Obteniendo página 7 de resultados...
2025-04-11 02:48:50,028 - github_extractor - INFO - Obteniendo página 8 de resultados...
2025-04-11 02:48:52,629 - github_extractor - INFO - Obteniendo página 9 de resultados...
2025-04-11 02:48:55,693 - github_extractor - INFO - Obteniendo página 10 de resultados...
2025-04-11 02:48:58,827 - github_extractor - INFO - Encontrados 1000 repositorios que coinciden con los criterios
2025-04-11 02:48:58,828 - github_extractor - INFO - Buscando repositorios con query: language:java stars:100..500
2025-04-11 02:48:58,828 - github_extractor - INFO - Obteniendo página 1 de resultados...
2025-04-11 02:49:01,874 - github_extractor - INFO - Obteniendo página 2 de resultados...
2025-04-11 02:49:04,617 - github_extractor - INFO - Obteniendo página 3 de resultados...
2025-04-11 02:49:07,348 - github_extractor - INFO - Obteniendo página 4 de resultados...
2025-04-11 02:49:10,407 - github_extractor - INFO - Obteniendo página 5 de resultados...
2025-04-11 02:49:13,647 - github_extractor - INFO - Obteniendo página 6 de resultados...
2025-04-11 02:49:16,278 - github_extractor - INFO - Obteniendo página 7 de resultados...
2025-04-11 02:49:19,650 - github_extractor - INFO - Obteniendo página 8 de resultados...
2025-04-11 02:49:22,565 - github_extractor - INFO - Obteniendo página 9 de resultados...
2025-04-11 02:49:25,067 - github_extractor - INFO - Obteniendo página 10 de resultados...
2025-04-11 02:49:28,061 - github_extractor - INFO - Encontrados 1000 repositorios que coinciden con los criterios
2025-04-11 02:49:28,063 - github_extractor - INFO - Buscando repositorios con query: language:java stars:500..1000
2025-04-11 02:49:28,063 - github_extractor - INFO - Obteniendo página 1 de resultados...
2025-04-11 02:49:31,318 - github_extractor - INFO - Obteniendo página 2 de resultados...
2025-04-11 02:49:34,117 - github_extractor - INFO - Obteniendo página 3 de resultados...
2025-04-11 02:49:36,740 - github_extractor - INFO - Obteniendo página 4 de resultados...
2025-04-11 02:49:39,604 - github_extractor - INFO - Obteniendo página 5 de resultados...
2025-04-11 02:49:42,145 - github_extractor - INFO - Obteniendo página 6 de resultados...
2025-04-11 02:49:45,140 - github_extractor - INFO - Obteniendo página 7 de resultados...
2025-04-11 02:49:47,476 - github_extractor - INFO - Obteniendo página 8 de resultados...
2025-04-11 02:49:50,598 - github_extractor - INFO - Obteniendo página 9 de resultados...
2025-04-11 02:49:53,181 - github_extractor - INFO - Obteniendo página 10 de resultados...
2025-04-11 02:49:55,606 - github_extractor - INFO - Encontrados 1000 repositorios que coinciden con los criterios
2025-04-11 02:49:55,607 - github_extractor - INFO - Buscando repositorios con query: language:java stars:1000..5000
2025-04-11 02:49:55,607 - github_extractor - INFO - Obteniendo página 1 de resultados...
2025-04-11 02:49:58,535 - github_extractor - INFO - Obteniendo página 2 de resultados...
2025-04-11 02:50:01,305 - github_extractor - INFO - Obteniendo página 3 de resultados...
2025-04-11 02:50:04,090 - github_extractor - INFO - Obteniendo página 4 de resultados...
2025-04-11 02:50:07,134 - github_extractor - INFO - Obteniendo página 5 de resultados...
2025-04-11 02:50:10,237 - github_extractor - INFO - Obteniendo página 6 de resultados...
2025-04-11 02:50:13,130 - github_extractor - INFO - Obteniendo página 7 de resultados...
2025-04-11 02:50:16,260 - github_extractor - INFO - Obteniendo página 8 de resultados...
2025-04-11 02:50:18,985 - github_extractor - INFO - Obteniendo página 9 de resultados...
2025-04-11 02:50:21,620 - github_extractor - INFO - Obteniendo página 10 de resultados...
2025-04-11 02:50:24,742 - github_extractor - INFO - Encontrados 1000 repositorios que coinciden con los criterios
2025-04-11 02:50:24,747 - github_extractor - INFO - Buscando repositorios con query: language:java stars:>5000
2025-04-11 02:50:24,748 - github_extractor - INFO - Obteniendo página 1 de resultados...
2025-04-11 02:50:27,684 - github_extractor - INFO - Obteniendo página 2 de resultados...
2025-04-11 02:50:31,148 - github_extractor - INFO - Obteniendo página 3 de resultados...
2025-04-11 02:50:34,816 - github_extractor - INFO - Obteniendo página 4 de resultados...
2025-04-11 02:50:38,311 - github_extractor - INFO - Obteniendo página 5 de resultados...
2025-04-11 02:50:40,857 - github_extractor - INFO - Obteniendo página 6 de resultados...
2025-04-11 02:50:43,505 - github_extractor - INFO - Obteniendo página 7 de resultados...
2025-04-11 02:50:44,084 - github_extractor - INFO - Encontrados 595 repositorios que coinciden con los criterios
2025-04-11 02:50:46,085 - github_extractor - INFO - Buscando repositorios con query: language:rust stars:5..100
2025-04-11 02:50:46,085 - github_extractor - INFO - Obteniendo página 1 de resultados...
2025-04-11 02:50:49,044 - github_extractor - INFO - Obteniendo página 2 de resultados...
2025-04-11 02:50:51,853 - github_extractor - INFO - Obteniendo página 3 de resultados...
2025-04-11 02:50:55,009 - github_extractor - INFO - Obteniendo página 4 de resultados...
2025-04-11 02:50:57,981 - github_extractor - INFO - Obteniendo página 5 de resultados...
2025-04-11 02:51:01,550 - github_extractor - INFO - Obteniendo página 6 de resultados...
2025-04-11 02:51:05,459 - github_extractor - INFO - Obteniendo página 7 de resultados...
2025-04-11 02:51:08,872 - github_extractor - INFO - Obteniendo página 8 de resultados...
2025-04-11 02:51:11,911 - github_extractor - INFO - Obteniendo página 9 de resultados...
2025-04-11 02:51:14,941 - github_extractor - INFO - Obteniendo página 10 de resultados...
2025-04-11 02:51:17,799 - github_extractor - INFO - Encontrados 1000 repositorios que coinciden con los criterios
2025-04-11 02:51:17,802 - github_extractor - INFO - Buscando repositorios con query: language:rust stars:100..500
2025-04-11 02:51:17,802 - github_extractor - INFO - Obteniendo página 1 de resultados...
2025-04-11 02:51:21,699 - github_extractor - INFO - Obteniendo página 2 de resultados...
2025-04-11 02:51:24,340 - github_extractor - INFO - Obteniendo página 3 de resultados...
2025-04-11 02:51:27,502 - github_extractor - INFO - Obteniendo página 4 de resultados...
2025-04-11 02:51:30,493 - github_extractor - INFO - Obteniendo página 5 de resultados...
2025-04-11 02:51:34,016 - github_extractor - INFO - Obteniendo página 6 de resultados...
2025-04-11 02:51:37,252 - github_extractor - INFO - Obteniendo página 7 de resultados...
2025-04-11 02:51:40,161 - github_extractor - INFO - Obteniendo página 8 de resultados...
2025-04-11 02:51:43,162 - github_extractor - INFO - Obteniendo página 9 de resultados...
2025-04-11 02:51:46,375 - github_extractor - INFO - Obteniendo página 10 de resultados...
2025-04-11 02:51:48,843 - github_extractor - INFO - Encontrados 1000 repositorios que coinciden con los criterios
2025-04-11 02:51:48,844 - github_extractor - INFO - Buscando repositorios con query: language:rust stars:500..1000
2025-04-11 02:51:48,844 - github_extractor - INFO - Obteniendo página 1 de resultados...
2025-04-11 02:51:52,053 - github_extractor - INFO - Obteniendo página 2 de resultados...
2025-04-11 02:51:55,186 - github_extractor - INFO - Obteniendo página 3 de resultados...
2025-04-11 02:51:58,161 - github_extractor - INFO - Obteniendo página 4 de resultados...
2025-04-11 02:52:01,064 - github_extractor - INFO - Obteniendo página 5 de resultados...
2025-04-11 02:52:03,997 - github_extractor - INFO - Obteniendo página 6 de resultados...
2025-04-11 02:52:07,057 - github_extractor - INFO - Obteniendo página 7 de resultados...
2025-04-11 02:52:10,407 - github_extractor - INFO - Obteniendo página 8 de resultados...
2025-04-11 02:52:13,316 - github_extractor - INFO - Obteniendo página 9 de resultados...
2025-04-11 02:52:16,481 - github_extractor - INFO - Obteniendo página 10 de resultados...
2025-04-11 02:52:19,899 - github_extractor - INFO - Encontrados 1000 repositorios que coinciden con los criterios
2025-04-11 02:52:19,901 - github_extractor - INFO - Buscando repositorios con query: language:rust stars:1000..5000
2025-04-11 02:52:19,901 - github_extractor - INFO - Obteniendo página 1 de resultados...
2025-04-11 02:52:23,274 - github_extractor - INFO - Obteniendo página 2 de resultados...
2025-04-11 02:52:26,255 - github_extractor - INFO - Obteniendo página 3 de resultados...
2025-04-11 02:52:29,184 - github_extractor - INFO - Obteniendo página 4 de resultados...
2025-04-11 02:52:32,452 - github_extractor - INFO - Obteniendo página 5 de resultados...
2025-04-11 02:52:35,689 - github_extractor - INFO - Obteniendo página 6 de resultados...
2025-04-11 02:52:38,285 - github_extractor - INFO - Obteniendo página 7 de resultados...
2025-04-11 02:52:41,220 - github_extractor - INFO - Obteniendo página 8 de resultados...
2025-04-11 02:52:44,379 - github_extractor - INFO - Obteniendo página 9 de resultados...
2025-04-11 02:52:47,802 - github_extractor - INFO - Obteniendo página 10 de resultados...
2025-04-11 02:52:51,494 - github_extractor - INFO - Encontrados 1000 repositorios que coinciden con los criterios
2025-04-11 02:52:51,495 - github_extractor - INFO - Buscando repositorios con query: language:rust stars:>5000
2025-04-11 02:52:51,495 - github_extractor - INFO - Obteniendo página 1 de resultados...
2025-04-11 02:52:54,417 - github_extractor - INFO - Obteniendo página 2 de resultados...
2025-04-11 02:52:58,098 - github_extractor - INFO - Obteniendo página 3 de resultados...
2025-04-11 02:53:01,834 - github_extractor - INFO - Obteniendo página 4 de resultados...
2025-04-11 02:53:02,807 - github_extractor - INFO - Obteniendo página 5 de resultados...
2025-04-11 02:53:03,338 - github_extractor - INFO - Encontrados 308 repositorios que coinciden con los criterios
2025-04-11 02:53:05,339 - github_extractor - INFO - Buscando repositorios con query: language:go stars:5..100
2025-04-11 02:53:05,339 - github_extractor - INFO - Obteniendo página 1 de resultados...
2025-04-11 02:53:08,817 - github_extractor - INFO - Obteniendo página 2 de resultados...
2025-04-11 02:53:11,968 - github_extractor - INFO - Obteniendo página 3 de resultados...
2025-04-11 02:53:14,862 - github_extractor - INFO - Obteniendo página 4 de resultados...
2025-04-11 02:53:17,963 - github_extractor - INFO - Obteniendo página 5 de resultados...
2025-04-11 02:53:21,201 - github_extractor - INFO - Obteniendo página 6 de resultados...
2025-04-11 02:53:24,412 - github_extractor - INFO - Obteniendo página 7 de resultados...
2025-04-11 02:53:27,175 - github_extractor - INFO - Obteniendo página 8 de resultados...
2025-04-11 02:53:30,202 - github_extractor - INFO - Obteniendo página 9 de resultados...
2025-04-11 02:53:33,357 - github_extractor - INFO - Obteniendo página 10 de resultados...
2025-04-11 02:53:36,134 - github_extractor - INFO - Encontrados 1000 repositorios que coinciden con los criterios
2025-04-11 02:53:36,135 - github_extractor - INFO - Buscando repositorios con query: language:go stars:100..500
2025-04-11 02:53:36,135 - github_extractor - INFO - Obteniendo página 1 de resultados...
2025-04-11 02:53:39,308 - github_extractor - INFO - Obteniendo página 2 de resultados...
2025-04-11 02:53:42,746 - github_extractor - INFO - Obteniendo página 3 de resultados...
2025-04-11 02:53:46,024 - github_extractor - INFO - Obteniendo página 4 de resultados...
2025-04-11 02:53:48,994 - github_extractor - INFO - Obteniendo página 5 de resultados...
2025-04-11 02:53:51,912 - github_extractor - INFO - Obteniendo página 6 de resultados...
2025-04-11 02:53:55,178 - github_extractor - INFO - Obteniendo página 7 de resultados...
2025-04-11 02:53:58,291 - github_extractor - INFO - Obteniendo página 8 de resultados...
2025-04-11 02:54:01,042 - github_extractor - INFO - Obteniendo página 9 de resultados...
2025-04-11 02:54:03,756 - github_extractor - INFO - Obteniendo página 10 de resultados...
2025-04-11 02:54:07,113 - github_extractor - INFO - Encontrados 1000 repositorios que coinciden con los criterios
2025-04-11 02:54:07,114 - github_extractor - INFO - Buscando repositorios con query: language:go stars:500..1000
2025-04-11 02:54:07,114 - github_extractor - INFO - Obteniendo página 1 de resultados...
2025-04-11 02:54:10,136 - github_extractor - INFO - Obteniendo página 2 de resultados...
2025-04-11 02:54:13,437 - github_extractor - INFO - Obteniendo página 3 de resultados...
2025-04-11 02:54:16,843 - github_extractor - INFO - Obteniendo página 4 de resultados...
2025-04-11 02:54:20,078 - github_extractor - INFO - Obteniendo página 5 de resultados...
2025-04-11 02:54:23,081 - github_extractor - INFO - Obteniendo página 6 de resultados...
2025-04-11 02:54:26,013 - github_extractor - INFO - Obteniendo página 7 de resultados...
2025-04-11 02:54:29,117 - github_extractor - INFO - Obteniendo página 8 de resultados...
2025-04-11 02:54:31,694 - github_extractor - INFO - Obteniendo página 9 de resultados...
2025-04-11 02:54:34,764 - github_extractor - INFO - Obteniendo página 10 de resultados...
2025-04-11 02:54:37,749 - github_extractor - INFO - Encontrados 1000 repositorios que coinciden con los criterios
2025-04-11 02:54:37,751 - github_extractor - INFO - Buscando repositorios con query: language:go stars:1000..5000
2025-04-11 02:54:37,751 - github_extractor - INFO - Obteniendo página 1 de resultados...
2025-04-11 02:54:41,128 - github_extractor - INFO - Obteniendo página 2 de resultados...
2025-04-11 02:54:44,267 - github_extractor - INFO - Obteniendo página 3 de resultados...
2025-04-11 02:54:46,871 - github_extractor - INFO - Obteniendo página 4 de resultados...
2025-04-11 02:54:49,423 - github_extractor - INFO - Obteniendo página 5 de resultados...
2025-04-11 02:54:52,944 - github_extractor - INFO - Obteniendo página 6 de resultados...
2025-04-11 02:54:56,120 - github_extractor - INFO - Obteniendo página 7 de resultados...
2025-04-11 02:54:59,304 - github_extractor - INFO - Obteniendo página 8 de resultados...
2025-04-11 02:55:02,567 - github_extractor - INFO - Obteniendo página 9 de resultados...
2025-04-11 02:55:05,560 - github_extractor - INFO - Obteniendo página 10 de resultados...
2025-04-11 02:55:08,966 - github_extractor - INFO - Encontrados 1000 repositorios que coinciden con los criterios
2025-04-11 02:55:08,967 - github_extractor - INFO - Buscando repositorios con query: language:go stars:>5000
2025-04-11 02:55:08,967 - github_extractor - INFO - Obteniendo página 1 de resultados...
2025-04-11 02:55:13,018 - github_extractor - INFO - Obteniendo página 2 de resultados...
2025-04-11 02:55:17,228 - github_extractor - INFO - Obteniendo página 3 de resultados...
2025-04-11 02:55:20,740 - github_extractor - INFO - Obteniendo página 4 de resultados...
2025-04-11 02:55:23,775 - github_extractor - INFO - Obteniendo página 5 de resultados...
2025-04-11 02:55:27,675 - github_extractor - INFO - Obteniendo página 6 de resultados...
2025-04-11 02:55:31,446 - github_extractor - INFO - Obteniendo página 7 de resultados...
2025-04-11 02:55:34,326 - github_extractor - INFO - Obteniendo página 8 de resultados...
2025-04-11 02:55:36,813 - github_extractor - INFO - Obteniendo página 9 de resultados...
2025-04-11 02:55:37,350 - github_extractor - INFO - Encontrados 783 repositorios que coinciden con los criterios
2025-04-11 02:55:39,487 - github_extractor - INFO - Guardados 22805 repositorios en top_repositories.csv
2025-04-11 02:55:39,645 - github_extractor - INFO - Distribución de repositorios por año de creación: {2008: 29, 2009: 108, 2010: 278, 2011: 522, 2012: 798, 2013: 1155, 2014: 1526, 2015: 2068, 2016: 2297, 2017: 2274, 2018: 2167, 2019: 2050, 2020: 1978, 2021: 1590, 2022: 1422, 2023: 1512, 2024: 889, 2025: 142}
2025-04-11 02:55:39,651 - github_extractor - INFO - Análisis de problemas abiertos: {'total_issues': 1839482, 'avg_issues_per_repo': 80.66134619600965, 'max_issues': 26645, 'min_issues': 0, 'distribution_percentages': {'0': 7.682525761894321, '1-10': 31.33961850471388, '11-50': 33.33918000438501, '51-100': 11.107213330409998, '101-500': 13.922385441789082, '501+': 2.6090769568077175}}
