2025-04-10 10:54:44,256 - github_extractor - INFO - GithubExtractor initialized
2025-04-10 10:54:45,899 - github_extractor - INFO - Repository expressjs/express found
2025-04-10 10:54:45,899 - github_extractor - INFO - Repository URL: https://github.com/expressjs/express
2025-04-10 10:54:45,899 - github_extractor - INFO - Repository Description: Fast, unopinionated, minimalist web framework for node.
2025-04-10 10:54:45,899 - github_extractor - INFO - Repository Language: JavaScript
2025-04-10 10:54:45,899 - github_extractor - INFO - Repository Stars: 66701
2025-04-10 10:54:45,899 - github_extractor - INFO - Repository Forks: 18146
2025-04-10 10:54:45,899 - github_extractor - INFO - Repository Open Issues: 176
2025-04-10 10:54:45,899 - github_extractor - INFO - Repository expressjs/express found
2025-04-10 10:54:45,899 - github_extractor - INFO - Repository Owner: expressjs
2025-04-10 10:54:45,899 - github_extractor - INFO - Fetching stargazers for expressjs/express...
2025-04-10 10:54:45,899 - github_extractor - INFO - Fetching page 1 of stargazers...
2025-04-10 10:54:47,206 - github_extractor - INFO - Found 100 users who starred expressjs/express
2025-04-10 10:54:47,206 - github_extractor - INFO - Fetching repositories for user vanpelt...
2025-04-10 10:54:48,524 - github_extractor - INFO - Found 30 repositories for user vanpelt
2025-04-10 10:54:48,525 - github_extractor - INFO - Fetching repositories for user caged...
2025-04-10 10:54:50,173 - github_extractor - INFO - Found 30 repositories for user caged
2025-04-10 10:54:50,173 - github_extractor - INFO - Fetching repositories for user kevwil...
2025-04-10 10:54:52,037 - github_extractor - INFO - Found 30 repositories for user kevwil
2025-04-10 10:54:52,037 - github_extractor - INFO - Fetching repositories for user atmos...
2025-04-10 10:54:53,737 - github_extractor - INFO - Found 30 repositories for user atmos
2025-04-10 10:54:53,737 - github_extractor - INFO - Fetching repositories for user elbowdonkey...
2025-04-10 10:54:55,107 - github_extractor - INFO - Found 30 repositories for user elbowdonkey
2025-04-10 10:54:55,108 - github_extractor - INFO - Fetching repositories for user bruce...
2025-04-10 10:54:56,701 - github_extractor - INFO - Found 30 repositories for user bruce
2025-04-10 10:54:56,701 - github_extractor - INFO - Fetching repositories for user BrianTheCoder...
2025-04-10 10:54:58,150 - github_extractor - INFO - Found 30 repositories for user BrianTheCoder
2025-04-10 10:54:58,151 - github_extractor - INFO - Fetching repositories for user lancecarlson...
2025-04-10 10:54:59,968 - github_extractor - INFO - Found 30 repositories for user lancecarlson
2025-04-10 10:54:59,969 - github_extractor - INFO - Fetching repositories for user thewoolleyman...
2025-04-10 10:55:00,841 - github_extractor - INFO - Found 30 repositories for user thewoolleyman
2025-04-10 10:55:00,842 - github_extractor - INFO - Fetching repositories for user mtodd...
2025-04-10 10:55:02,286 - github_extractor - INFO - Found 30 repositories for user mtodd
2025-04-10 10:55:02,287 - github_extractor - INFO - Fetching repositories for user matthewford...
2025-04-10 10:55:03,277 - github_extractor - INFO - Found 30 repositories for user matthewford
2025-04-10 10:55:03,277 - github_extractor - INFO - Fetching repositories for user rdempsey...
2025-04-10 10:55:04,594 - github_extractor - INFO - Found 30 repositories for user rdempsey
2025-04-10 10:55:04,594 - github_extractor - INFO - Fetching repositories for user scharfie...
2025-04-10 10:55:05,662 - github_extractor - INFO - Found 30 repositories for user scharfie
2025-04-10 10:55:05,662 - github_extractor - INFO - Fetching repositories for user activestylus...
2025-04-10 10:55:06,976 - github_extractor - INFO - Found 30 repositories for user activestylus
2025-04-10 10:55:06,976 - github_extractor - INFO - Fetching repositories for user rds...
2025-04-10 10:55:08,434 - github_extractor - INFO - Found 30 repositories for user rds
2025-04-10 10:55:08,434 - github_extractor - INFO - Fetching repositories for user tomfarm...
2025-04-10 10:55:10,123 - github_extractor - INFO - Found 30 repositories for user tomfarm
2025-04-10 10:55:10,124 - github_extractor - INFO - Fetching repositories for user TheNicholasNick...
2025-04-10 10:55:11,058 - github_extractor - INFO - Found 21 repositories for user TheNicholasNick
2025-04-10 10:55:11,058 - github_extractor - INFO - Fetching repositories for user vic...
2025-04-10 10:55:12,881 - github_extractor - INFO - Found 30 repositories for user vic
2025-04-10 10:55:12,882 - github_extractor - INFO - Fetching repositories for user hchoroomi...
2025-04-10 10:55:14,661 - github_extractor - INFO - Found 30 repositories for user hchoroomi
2025-04-10 10:55:14,661 - github_extractor - INFO - Fetching repositories for user methodmissing...
2025-04-10 10:55:15,965 - github_extractor - INFO - Found 30 repositories for user methodmissing
2025-04-10 10:55:15,966 - github_extractor - INFO - Fetching repositories for user mariusz...
2025-04-10 10:55:17,393 - github_extractor - INFO - Found 30 repositories for user mariusz
2025-04-10 10:55:17,394 - github_extractor - INFO - Fetching repositories for user wvl...
2025-04-10 10:55:19,142 - github_extractor - INFO - Found 30 repositories for user wvl
2025-04-10 10:55:19,142 - github_extractor - INFO - Fetching repositories for user foca...
2025-04-10 10:55:20,482 - github_extractor - INFO - Found 30 repositories for user foca
2025-04-10 10:55:20,482 - github_extractor - INFO - Fetching repositories for user voodootikigod...
2025-04-10 10:55:21,693 - github_extractor - INFO - Found 30 repositories for user voodootikigod
2025-04-10 10:55:21,694 - github_extractor - INFO - Fetching repositories for user shinzui...
2025-04-10 10:55:23,773 - github_extractor - INFO - Found 30 repositories for user shinzui
2025-04-10 10:55:23,773 - github_extractor - INFO - Fetching repositories for user auser...
2025-04-10 10:55:25,086 - github_extractor - INFO - Found 30 repositories for user auser
2025-04-10 10:55:25,086 - github_extractor - INFO - Fetching repositories for user rmanalan...
2025-04-10 10:55:26,080 - github_extractor - INFO - Found 30 repositories for user rmanalan
2025-04-10 10:55:26,080 - github_extractor - INFO - Fetching repositories for user scottymac...
2025-04-10 10:55:27,756 - github_extractor - INFO - Found 30 repositories for user scottymac
2025-04-10 10:55:27,757 - github_extractor - INFO - Fetching repositories for user andykent...
2025-04-10 10:55:28,772 - github_extractor - INFO - Found 30 repositories for user andykent
2025-04-10 10:55:28,772 - github_extractor - INFO - Fetching repositories for user ph...
2025-04-10 10:55:30,148 - github_extractor - INFO - Found 30 repositories for user ph
2025-04-10 10:55:30,149 - github_extractor - INFO - Fetching repositories for user hipertracker...
2025-04-10 10:55:31,394 - github_extractor - INFO - Found 30 repositories for user hipertracker
2025-04-10 10:55:31,394 - github_extractor - INFO - Fetching repositories for user tomislav...
2025-04-10 10:55:32,149 - github_extractor - INFO - Found 11 repositories for user tomislav
2025-04-10 10:55:32,149 - github_extractor - INFO - Fetching repositories for user dgiunta...
2025-04-10 10:55:33,299 - github_extractor - INFO - Found 25 repositories for user dgiunta
2025-04-10 10:55:33,299 - github_extractor - INFO - Fetching repositories for user nkallen...
2025-04-10 10:55:34,818 - github_extractor - INFO - Found 30 repositories for user nkallen
2025-04-10 10:55:34,818 - github_extractor - INFO - Fetching repositories for user gjnoonan...
2025-04-10 10:55:36,320 - github_extractor - INFO - Found 30 repositories for user gjnoonan
2025-04-10 10:55:36,321 - github_extractor - INFO - Fetching repositories for user kaspar...
2025-04-10 10:55:37,001 - github_extractor - INFO - Found 5 repositories for user kaspar
2025-04-10 10:55:37,001 - github_extractor - INFO - Fetching repositories for user malkomalko...
2025-04-10 10:55:38,579 - github_extractor - INFO - Found 30 repositories for user malkomalko
2025-04-10 10:55:38,579 - github_extractor - INFO - Fetching repositories for user peburrows...
2025-04-10 10:55:39,612 - github_extractor - INFO - Found 30 repositories for user peburrows
2025-04-10 10:55:39,612 - github_extractor - INFO - Fetching repositories for user dusty...
2025-04-10 10:55:41,032 - github_extractor - INFO - Found 30 repositories for user dusty
2025-04-10 10:55:41,032 - github_extractor - INFO - Fetching repositories for user weepy...
2025-04-10 10:55:42,706 - github_extractor - INFO - Found 30 repositories for user weepy
2025-04-10 10:55:42,707 - github_extractor - INFO - Fetching repositories for user mountain...
2025-04-10 10:55:44,293 - github_extractor - INFO - Found 30 repositories for user mountain
2025-04-10 10:55:44,294 - github_extractor - INFO - Fetching repositories for user scotu...
2025-04-10 10:55:45,673 - github_extractor - INFO - Found 30 repositories for user scotu
2025-04-10 10:55:45,674 - github_extractor - INFO - Fetching repositories for user peters...
2025-04-10 10:55:47,424 - github_extractor - INFO - Found 30 repositories for user peters
2025-04-10 10:55:47,424 - github_extractor - INFO - Fetching repositories for user mmmurf...
2025-04-10 10:55:49,316 - github_extractor - INFO - Found 30 repositories for user mmmurf
2025-04-10 10:55:49,316 - github_extractor - INFO - Fetching repositories for user dennisreimann...
2025-04-10 10:55:50,881 - github_extractor - INFO - Found 30 repositories for user dennisreimann
2025-04-10 10:55:50,881 - github_extractor - INFO - Fetching repositories for user kennyp...
2025-04-10 10:55:52,354 - github_extractor - INFO - Found 30 repositories for user kennyp
2025-04-10 10:55:52,354 - github_extractor - INFO - Fetching repositories for user ejdraper...
2025-04-10 10:55:53,888 - github_extractor - INFO - Found 30 repositories for user ejdraper
2025-04-10 10:55:53,888 - github_extractor - INFO - Fetching repositories for user constantine-nikolaou...
2025-04-10 10:55:55,287 - github_extractor - INFO - Found 30 repositories for user constantine-nikolaou
2025-04-10 10:55:55,288 - github_extractor - INFO - Fetching repositories for user nick...
2025-04-10 10:55:56,489 - github_extractor - INFO - Found 30 repositories for user nick
2025-04-10 10:55:56,491 - github_extractor - INFO - Fetching repositories for user Sija...
2025-04-10 10:55:57,883 - github_extractor - INFO - Found 30 repositories for user Sija
2025-04-10 10:55:57,884 - github_extractor - INFO - Fetching repositories for user martinemde...
2025-04-10 10:55:58,980 - github_extractor - INFO - Found 30 repositories for user martinemde
2025-04-10 10:55:58,981 - github_extractor - INFO - Fetching repositories for user sbecker...
2025-04-10 10:56:00,032 - github_extractor - INFO - Found 30 repositories for user sbecker
2025-04-10 10:56:00,032 - github_extractor - INFO - Fetching repositories for user zmack...
2025-04-10 10:56:01,316 - github_extractor - INFO - Found 30 repositories for user zmack
2025-04-10 10:56:01,316 - github_extractor - INFO - Fetching repositories for user andrew...
2025-04-10 10:56:02,290 - github_extractor - INFO - Found 30 repositories for user andrew
2025-04-10 10:56:02,291 - github_extractor - INFO - Fetching repositories for user ismasan...
2025-04-10 10:56:03,287 - github_extractor - INFO - Found 30 repositories for user ismasan
2025-04-10 10:56:03,287 - github_extractor - INFO - Fetching repositories for user maxterry...
2025-04-10 10:56:05,078 - github_extractor - INFO - Found 29 repositories for user maxterry
2025-04-10 10:56:05,079 - github_extractor - INFO - Fetching repositories for user fsvehla...
2025-04-10 10:56:06,049 - github_extractor - INFO - Found 26 repositories for user fsvehla
2025-04-10 10:56:06,049 - github_extractor - INFO - Fetching repositories for user shillcock...
2025-04-10 10:56:07,925 - github_extractor - INFO - Found 30 repositories for user shillcock
2025-04-10 10:56:07,926 - github_extractor - INFO - Fetching repositories for user careo...
2025-04-10 10:56:08,883 - github_extractor - INFO - Found 30 repositories for user careo
2025-04-10 10:56:08,884 - github_extractor - INFO - Fetching repositories for user willb...
2025-04-10 10:56:09,945 - github_extractor - INFO - Found 30 repositories for user willb
2025-04-10 10:56:09,945 - github_extractor - INFO - Fetching repositories for user findchris...
2025-04-10 10:56:11,164 - github_extractor - INFO - Found 30 repositories for user findchris
2025-04-10 10:56:11,164 - github_extractor - INFO - Fetching repositories for user jwinter...
2025-04-10 10:56:12,299 - github_extractor - INFO - Found 30 repositories for user jwinter
2025-04-10 10:56:12,300 - github_extractor - INFO - Fetching repositories for user rapind...
2025-04-10 10:56:13,339 - github_extractor - INFO - Found 30 repositories for user rapind
2025-04-10 10:56:13,340 - github_extractor - INFO - Fetching repositories for user tsmckelvey...
2025-04-10 10:56:14,054 - github_extractor - INFO - Found 18 repositories for user tsmckelvey
2025-04-10 10:56:14,054 - github_extractor - INFO - Fetching repositories for user bgianfo...
2025-04-10 10:56:15,294 - github_extractor - INFO - Found 30 repositories for user bgianfo
2025-04-10 10:56:15,295 - github_extractor - INFO - Fetching repositories for user ryanwilliams...
2025-04-10 10:56:15,874 - github_extractor - INFO - Found 8 repositories for user ryanwilliams
2025-04-10 10:56:15,875 - github_extractor - INFO - Fetching repositories for user jzting...
2025-04-10 10:56:16,678 - github_extractor - INFO - Found 28 repositories for user jzting
2025-04-10 10:56:16,679 - github_extractor - INFO - Fetching repositories for user matehat...
2025-04-10 10:56:17,480 - github_extractor - INFO - Found 30 repositories for user matehat
2025-04-10 10:56:17,481 - github_extractor - INFO - Fetching repositories for user lgastako...
2025-04-10 10:56:18,200 - github_extractor - INFO - Found 30 repositories for user lgastako
2025-04-10 10:56:18,201 - github_extractor - INFO - Fetching repositories for user dyokomizo...
2025-04-10 10:56:19,050 - github_extractor - INFO - Found 22 repositories for user dyokomizo
2025-04-10 10:56:19,051 - github_extractor - INFO - Fetching repositories for user lackac...
2025-04-10 10:56:19,658 - github_extractor - INFO - Found 30 repositories for user lackac
2025-04-10 10:56:19,658 - github_extractor - INFO - Fetching repositories for user charlenopires...
2025-04-10 10:56:20,478 - github_extractor - INFO - Found 10 repositories for user charlenopires
2025-04-10 10:56:20,479 - github_extractor - INFO - Fetching repositories for user h3h...
2025-04-10 10:56:21,460 - github_extractor - INFO - Found 30 repositories for user h3h
2025-04-10 10:56:21,460 - github_extractor - INFO - Fetching repositories for user fannar...
2025-04-10 10:56:22,398 - github_extractor - INFO - Found 21 repositories for user fannar
2025-04-10 10:56:22,398 - github_extractor - INFO - Fetching repositories for user mcroydon...
2025-04-10 10:56:23,484 - github_extractor - INFO - Found 30 repositories for user mcroydon
2025-04-10 10:56:23,485 - github_extractor - INFO - Fetching repositories for user stphnclysmth...
2025-04-10 10:56:24,155 - github_extractor - INFO - Found 4 repositories for user stphnclysmth
2025-04-10 10:56:24,155 - github_extractor - INFO - Fetching repositories for user mintchaos...
2025-04-10 10:56:25,062 - github_extractor - INFO - Found 28 repositories for user mintchaos
2025-04-10 10:56:25,062 - github_extractor - INFO - Fetching repositories for user slim...
2025-04-10 10:56:26,086 - github_extractor - INFO - Found 30 repositories for user slim
2025-04-10 10:56:26,086 - github_extractor - INFO - Fetching repositories for user newtonapple...
2025-04-10 10:56:27,124 - github_extractor - INFO - Found 30 repositories for user newtonapple
2025-04-10 10:56:27,124 - github_extractor - INFO - Fetching repositories for user kolektiv...
2025-04-10 10:56:27,724 - github_extractor - INFO - Found 25 repositories for user kolektiv
2025-04-10 10:56:27,725 - github_extractor - INFO - Fetching repositories for user taf2...
2025-04-10 10:56:28,576 - github_extractor - INFO - Found 30 repositories for user taf2
2025-04-10 10:56:28,576 - github_extractor - INFO - Fetching repositories for user stan...
2025-04-10 10:56:29,654 - github_extractor - INFO - Found 30 repositories for user stan
2025-04-10 10:56:29,654 - github_extractor - INFO - Fetching repositories for user lgs...
2025-04-10 10:56:30,579 - github_extractor - INFO - Found 30 repositories for user lgs
2025-04-10 10:56:30,579 - github_extractor - INFO - Fetching repositories for user na...
2025-04-10 10:56:31,637 - github_extractor - INFO - Found 30 repositories for user na
2025-04-10 10:56:31,637 - github_extractor - INFO - Fetching repositories for user brad...
2025-04-10 10:56:32,799 - github_extractor - INFO - Found 30 repositories for user brad
2025-04-10 10:56:32,799 - github_extractor - INFO - Fetching repositories for user thomlinton...
2025-04-10 10:56:33,970 - github_extractor - INFO - Found 30 repositories for user thomlinton
2025-04-10 10:56:33,971 - github_extractor - INFO - Fetching repositories for user toke...
2025-04-10 10:56:35,419 - github_extractor - INFO - Found 30 repositories for user toke
2025-04-10 10:56:35,419 - github_extractor - INFO - Fetching repositories for user joshua...
2025-04-10 10:56:36,901 - github_extractor - INFO - Found 30 repositories for user joshua
2025-04-10 10:56:36,902 - github_extractor - INFO - Fetching repositories for user mikevalstar...
2025-04-10 10:56:38,264 - github_extractor - INFO - Found 23 repositories for user mikevalstar
2025-04-10 10:56:38,265 - github_extractor - INFO - Fetching repositories for user andrewn...
2025-04-10 10:56:39,661 - github_extractor - INFO - Found 30 repositories for user andrewn
2025-04-10 10:56:39,661 - github_extractor - INFO - Fetching repositories for user benhodgson...
2025-04-10 10:56:40,654 - github_extractor - INFO - Found 13 repositories for user benhodgson
2025-04-10 10:56:40,655 - github_extractor - INFO - Fetching repositories for user mattgrayson...
2025-04-10 10:56:41,925 - github_extractor - INFO - Found 24 repositories for user mattgrayson
2025-04-10 10:56:41,926 - github_extractor - INFO - Fetching repositories for user cj...
2025-04-10 10:56:43,531 - github_extractor - INFO - Found 30 repositories for user cj
2025-04-10 10:56:43,531 - github_extractor - INFO - Fetching repositories for user mikehaugland...
2025-04-10 10:56:44,723 - github_extractor - INFO - Found 26 repositories for user mikehaugland
2025-04-10 10:56:44,723 - github_extractor - INFO - Fetching repositories for user sabman...
2025-04-10 10:56:46,277 - github_extractor - INFO - Found 30 repositories for user sabman
2025-04-10 10:56:46,278 - github_extractor - INFO - Fetching repositories for user fel...
2025-04-10 10:56:46,891 - github_extractor - INFO - Found 2 repositories for user fel
2025-04-10 10:56:46,892 - github_extractor - INFO - Fetching repositories for user colinsurprenant...
2025-04-10 10:56:48,659 - github_extractor - INFO - Found 30 repositories for user colinsurprenant
2025-04-10 10:56:48,660 - github_extractor - INFO - Fetching repositories for user bantic...
2025-04-10 10:56:49,882 - github_extractor - INFO - Found 30 repositories for user bantic
2025-04-10 10:56:49,882 - github_extractor - INFO - Fetching repositories for user kirk...
2025-04-10 10:56:50,853 - github_extractor - INFO - Found 4 repositories for user kirk
2025-04-10 10:56:50,854 - github_extractor - INFO - Fetching repositories for user zhhz...
2025-04-10 10:56:52,116 - github_extractor - INFO - Found 30 repositories for user zhhz
