2025-04-11 02:42:09,584 - github_extractor - INFO - GithubExtractor initialized
2025-04-11 02:42:09,585 - github_extractor - INFO - Buscando repositorios con query: language:javascript stars:5..100
2025-04-11 02:42:09,585 - github_extractor - INFO - Obteniendo página 1 de resultados...
2025-04-11 02:42:12,509 - github_extractor - INFO - Encontrados 100 repositorios que coinciden con los criterios
2025-04-11 02:42:12,510 - github_extractor - INFO - Buscando repositorios con query: language:javascript stars:100..500
2025-04-11 02:42:12,510 - github_extractor - INFO - Obteniendo página 1 de resultados...
2025-04-11 02:42:16,422 - github_extractor - INFO - Encontrados 100 repositorios que coinciden con los criterios
2025-04-11 02:42:16,423 - github_extractor - INFO - Buscando repositorios con query: language:javascript stars:500..1000
2025-04-11 02:42:16,423 - github_extractor - INFO - Obteniendo página 1 de resultados...
2025-04-11 02:42:20,157 - github_extractor - INFO - Encontrados 100 repositorios que coinciden con los criterios
2025-04-11 02:42:20,158 - github_extractor - INFO - Buscando repositorios con query: language:javascript stars:1000..5000
2025-04-11 02:42:20,158 - github_extractor - INFO - Obteniendo página 1 de resultados...
2025-04-11 02:42:23,923 - github_extractor - INFO - Encontrados 100 repositorios que coinciden con los criterios
2025-04-11 02:42:23,923 - github_extractor - INFO - Buscando repositorios con query: language:javascript stars:>5000
2025-04-11 02:42:23,923 - github_extractor - INFO - Obteniendo página 1 de resultados...
2025-04-11 02:42:27,510 - github_extractor - INFO - Encontrados 100 repositorios que coinciden con los criterios
2025-04-11 02:42:29,511 - github_extractor - INFO - Buscando repositorios con query: language:python stars:5..100
2025-04-11 02:42:29,512 - github_extractor - INFO - Obteniendo página 1 de resultados...
2025-04-11 02:42:32,728 - github_extractor - INFO - Encontrados 100 repositorios que coinciden con los criterios
2025-04-11 02:42:32,729 - github_extractor - INFO - Buscando repositorios con query: language:python stars:100..500
2025-04-11 02:42:32,729 - github_extractor - INFO - Obteniendo página 1 de resultados...
2025-04-11 02:42:35,366 - github_extractor - INFO - Encontrados 100 repositorios que coinciden con los criterios
2025-04-11 02:42:35,367 - github_extractor - INFO - Buscando repositorios con query: language:python stars:500..1000
2025-04-11 02:42:35,367 - github_extractor - INFO - Obteniendo página 1 de resultados...
2025-04-11 02:42:38,518 - github_extractor - INFO - Encontrados 100 repositorios que coinciden con los criterios
2025-04-11 02:42:38,519 - github_extractor - INFO - Buscando repositorios con query: language:python stars:1000..5000
2025-04-11 02:42:38,519 - github_extractor - INFO - Obteniendo página 1 de resultados...
2025-04-11 02:42:41,590 - github_extractor - INFO - Encontrados 100 repositorios que coinciden con los criterios
2025-04-11 02:42:41,590 - github_extractor - INFO - Buscando repositorios con query: language:python stars:>5000
2025-04-11 02:42:41,590 - github_extractor - INFO - Obteniendo página 1 de resultados...
2025-04-11 02:42:45,530 - github_extractor - INFO - Encontrados 100 repositorios que coinciden con los criterios
2025-04-11 02:42:47,531 - github_extractor - INFO - Buscando repositorios con query: language:java stars:5..100
2025-04-11 02:42:47,531 - github_extractor - INFO - Obteniendo página 1 de resultados...
2025-04-11 02:42:50,621 - github_extractor - INFO - Encontrados 100 repositorios que coinciden con los criterios
2025-04-11 02:42:50,622 - github_extractor - INFO - Buscando repositorios con query: language:java stars:100..500
2025-04-11 02:42:50,622 - github_extractor - INFO - Obteniendo página 1 de resultados...
2025-04-11 02:42:54,186 - github_extractor - INFO - Encontrados 100 repositorios que coinciden con los criterios
2025-04-11 02:42:54,186 - github_extractor - INFO - Buscando repositorios con query: language:java stars:500..1000
2025-04-11 02:42:54,186 - github_extractor - INFO - Obteniendo página 1 de resultados...
2025-04-11 02:42:57,095 - github_extractor - INFO - Encontrados 100 repositorios que coinciden con los criterios
2025-04-11 02:42:57,096 - github_extractor - INFO - Buscando repositorios con query: language:java stars:1000..5000
2025-04-11 02:42:57,096 - github_extractor - INFO - Obteniendo página 1 de resultados...
2025-04-11 02:43:00,243 - github_extractor - INFO - Encontrados 100 repositorios que coinciden con los criterios
2025-04-11 02:43:00,244 - github_extractor - INFO - Buscando repositorios con query: language:java stars:>5000
2025-04-11 02:43:00,244 - github_extractor - INFO - Obteniendo página 1 de resultados...
2025-04-11 02:43:03,709 - github_extractor - INFO - Encontrados 100 repositorios que coinciden con los criterios
2025-04-11 02:43:05,710 - github_extractor - INFO - Buscando repositorios con query: language:rust stars:5..100
2025-04-11 02:43:05,710 - github_extractor - INFO - Obteniendo página 1 de resultados...
2025-04-11 02:43:09,184 - github_extractor - INFO - Encontrados 100 repositorios que coinciden con los criterios
2025-04-11 02:43:09,185 - github_extractor - INFO - Buscando repositorios con query: language:rust stars:100..500
2025-04-11 02:43:09,185 - github_extractor - INFO - Obteniendo página 1 de resultados...
2025-04-11 02:43:12,156 - github_extractor - INFO - Encontrados 100 repositorios que coinciden con los criterios
2025-04-11 02:43:12,157 - github_extractor - INFO - Buscando repositorios con query: language:rust stars:500..1000
2025-04-11 02:43:12,157 - github_extractor - INFO - Obteniendo página 1 de resultados...
